<?xml version="1.0" encoding="UTF-8"?>
<robot generator="Robot 6.1.1 (Python 3.11.5 on win32)" generated="20231221 20:06:43.344" rpa="false" schemaversion="4">
<suite id="s1" name="Testingjimmy" source="c:\Users\immor\OneDrive\Documents\github\Web design course\web-dev-env-main\WEBPROG23\src\SoftwareTestingProject\testingjimmy.robot">
<kw name="Setup Browser And Maximize" type="SETUP">
<kw name="Open Browser" library="SeleniumLibrary">
<arg>https://jimms.fi</arg>
<arg>chrome</arg>
<doc>Opens a new browser instance to the optional ``url``.</doc>
<msg timestamp="20231221 20:06:43.747" level="INFO">Opening browser 'chrome' to base url 'https://jimms.fi'.</msg>
<status status="PASS" starttime="20231221 20:06:43.747" endtime="20231221 20:06:50.274"/>
</kw>
<kw name="Maximize Browser Window" library="SeleniumLibrary">
<doc>Maximizes current browser window.</doc>
<status status="PASS" starttime="20231221 20:06:50.274" endtime="20231221 20:06:50.504"/>
</kw>
<status status="PASS" starttime="20231221 20:06:43.746" endtime="20231221 20:06:50.504"/>
</kw>
<test id="s1-t1" name="TC_UI_1 Verify All Product Categories Have a Landing Page" line="134">
<kw name="Navigate To Main Page" type="SETUP">
<kw name="Go To" library="SeleniumLibrary">
<arg>https://jimms.fi</arg>
<doc>Navigates the current browser window to the provided ``url``.</doc>
<msg timestamp="20231221 20:06:50.506" level="INFO">Opening url 'https://jimms.fi'</msg>
<status status="PASS" starttime="20231221 20:06:50.506" endtime="20231221 20:06:50.926"/>
</kw>
<status status="PASS" starttime="20231221 20:06:50.506" endtime="20231221 20:06:50.926"/>
</kw>
<kw name="Get Element Count" library="SeleniumLibrary">
<var>${category_count}</var>
<arg>xpath://*[@id="sitemegamenu"]/nav/ul/li/a</arg>
<doc>Returns the number of elements matching ``locator``.</doc>
<msg timestamp="20231221 20:06:50.942" level="INFO">${category_count} = 10</msg>
<status status="PASS" starttime="20231221 20:06:50.927" endtime="20231221 20:06:50.942"/>
</kw>
<for flavor="IN RANGE">
<var>${index}</var>
<value>1</value>
<value>${category_count}</value>
<iter>
<var name="${index}">1</var>
<kw name="Set Variable" library="BuiltIn">
<var>${category_xpath}</var>
<arg>xpath:(//*[@id="sitemegamenu"]/nav/ul/li/a)[${index}]</arg>
<doc>Returns the given values which can then be assigned to a variables.</doc>
<msg timestamp="20231221 20:06:50.944" level="INFO">${category_xpath} = xpath:(//*[@id="sitemegamenu"]/nav/ul/li/a)[1]</msg>
<status status="PASS" starttime="20231221 20:06:50.942" endtime="20231221 20:06:50.944"/>
</kw>
<kw name="Get Text" library="SeleniumLibrary">
<var>${category_text}</var>
<arg>${category_xpath}</arg>
<doc>Returns the text value of the element identified by ``locator``.</doc>
<msg timestamp="20231221 20:06:50.971" level="INFO">${category_text} = Tietokoneet</msg>
<status status="PASS" starttime="20231221 20:06:50.944" endtime="20231221 20:06:50.971"/>
</kw>
<kw name="Run Keyword If" library="BuiltIn">
<arg>'${category_text}' == 'Kampanjat'</arg>
<arg>Continue For Loop</arg>
<doc>Runs the given keyword with the given arguments, if ``condition`` is true.</doc>
<status status="PASS" starttime="20231221 20:06:50.972" endtime="20231221 20:06:50.972"/>
</kw>
<kw name="Verify Category Landing Page">
<arg>${category_xpath}</arg>
<kw name="Scroll Element Into View" library="SeleniumLibrary">
<arg>${category_xpath}</arg>
<doc>Scrolls the element identified by ``locator`` into view.</doc>
<status status="PASS" starttime="20231221 20:06:50.972" endtime="20231221 20:06:51.251"/>
</kw>
<kw name="Click Element" library="SeleniumLibrary">
<arg>${category_xpath}</arg>
<doc>Click the element identified by ``locator``.</doc>
<msg timestamp="20231221 20:06:51.252" level="INFO">Clicking element 'xpath:(//*[@id="sitemegamenu"]/nav/ul/li/a)[1]'.</msg>
<status status="PASS" starttime="20231221 20:06:51.251" endtime="20231221 20:06:51.701"/>
</kw>
<kw name="Wait Until Page Contains Element" library="SeleniumLibrary">
<arg>tag:h1</arg>
<doc>Waits until the element ``locator`` appears on the current page.</doc>
<status status="PASS" starttime="20231221 20:06:51.702" endtime="20231221 20:06:51.724"/>
</kw>
<kw name="Navigate To Main Page">
<kw name="Go To" library="SeleniumLibrary">
<arg>https://jimms.fi</arg>
<doc>Navigates the current browser window to the provided ``url``.</doc>
<msg timestamp="20231221 20:06:51.726" level="INFO">Opening url 'https://jimms.fi'</msg>
<status status="PASS" starttime="20231221 20:06:51.725" endtime="20231221 20:06:52.076"/>
</kw>
<status status="PASS" starttime="20231221 20:06:51.725" endtime="20231221 20:06:52.076"/>
</kw>
<status status="PASS" starttime="20231221 20:06:50.972" endtime="20231221 20:06:52.076"/>
</kw>
<status status="PASS" starttime="20231221 20:06:50.942" endtime="20231221 20:06:52.076"/>
</iter>
<iter>
<var name="${index}">2</var>
<kw name="Set Variable" library="BuiltIn">
<var>${category_xpath}</var>
<arg>xpath:(//*[@id="sitemegamenu"]/nav/ul/li/a)[${index}]</arg>
<doc>Returns the given values which can then be assigned to a variables.</doc>
<msg timestamp="20231221 20:06:52.077" level="INFO">${category_xpath} = xpath:(//*[@id="sitemegamenu"]/nav/ul/li/a)[2]</msg>
<status status="PASS" starttime="20231221 20:06:52.077" endtime="20231221 20:06:52.077"/>
</kw>
<kw name="Get Text" library="SeleniumLibrary">
<var>${category_text}</var>
<arg>${category_xpath}</arg>
<doc>Returns the text value of the element identified by ``locator``.</doc>
<msg timestamp="20231221 20:06:52.105" level="INFO">${category_text} = Komponentit</msg>
<status status="PASS" starttime="20231221 20:06:52.077" endtime="20231221 20:06:52.105"/>
</kw>
<kw name="Run Keyword If" library="BuiltIn">
<arg>'${category_text}' == 'Kampanjat'</arg>
<arg>Continue For Loop</arg>
<doc>Runs the given keyword with the given arguments, if ``condition`` is true.</doc>
<status status="PASS" starttime="20231221 20:06:52.105" endtime="20231221 20:06:52.106"/>
</kw>
<kw name="Verify Category Landing Page">
<arg>${category_xpath}</arg>
<kw name="Scroll Element Into View" library="SeleniumLibrary">
<arg>${category_xpath}</arg>
<doc>Scrolls the element identified by ``locator`` into view.</doc>
<status status="PASS" starttime="20231221 20:06:52.106" endtime="20231221 20:06:52.763"/>
</kw>
<kw name="Click Element" library="SeleniumLibrary">
<arg>${category_xpath}</arg>
<doc>Click the element identified by ``locator``.</doc>
<msg timestamp="20231221 20:06:52.763" level="INFO">Clicking element 'xpath:(//*[@id="sitemegamenu"]/nav/ul/li/a)[2]'.</msg>
<msg timestamp="20231221 20:06:53.117" level="INFO" html="true">&lt;/td&gt;&lt;/tr&gt;&lt;tr&gt;&lt;td colspan="3"&gt;&lt;a href="selenium-screenshot-9.png"&gt;&lt;img src="selenium-screenshot-9.png" width="800px"&gt;&lt;/a&gt;</msg>
<msg timestamp="20231221 20:06:53.117" level="FAIL">ElementNotInteractableException: Message: element not interactable
  (Session info: chrome=120.0.6099.110)
Stacktrace:
	GetHandleVerifier [0x00007FF7760D2142+3514994]
	(No symbol) [0x00007FF775CF0CE2]
	(No symbol) [0x00007FF775B974C3]
	(No symbol) [0x00007FF775BE2D29]
	(No symbol) [0x00007FF775BD6A0F]
	(No symbol) [0x00007FF775C05FEA]
	(No symbol) [0x00007FF775BD63B6]
	(No symbol) [0x00007FF775C06490]
	(No symbol) [0x00007FF775C228F6]
	(No symbol) [0x00007FF775C05D93]
	(No symbol) [0x00007FF775BD4BDC]
	(No symbol) [0x00007FF775BD5C64]
	GetHandleVerifier [0x00007FF7760FE16B+3695259]
	GetHandleVerifier [0x00007FF776156737+4057191]
	GetHandleVerifier [0x00007FF77614E4E3+4023827]
	GetHandleVerifier [0x00007FF775E204F9+689705]
	(No symbol) [0x00007FF775CFC048]
	(No symbol) [0x00007FF775CF8044]
	(No symbol) [0x00007FF775CF81C9]
	(No symbol) [0x00007FF775CE88C4]
	BaseThreadInitThunk [0x00007FFA3DA8257D+29]
	RtlUserThreadStart [0x00007FFA3E82AA58+40]
</msg>
<status status="FAIL" starttime="20231221 20:06:52.763" endtime="20231221 20:06:53.186"/>
</kw>
<kw name="Wait Until Page Contains Element" library="SeleniumLibrary">
<arg>tag:h1</arg>
<doc>Waits until the element ``locator`` appears on the current page.</doc>
<status status="NOT RUN" starttime="20231221 20:06:53.187" endtime="20231221 20:06:53.187"/>
</kw>
<kw name="Navigate To Main Page">
<status status="NOT RUN" starttime="20231221 20:06:53.187" endtime="20231221 20:06:53.187"/>
</kw>
<status status="FAIL" starttime="20231221 20:06:52.106" endtime="20231221 20:06:53.187"/>
</kw>
<status status="FAIL" starttime="20231221 20:06:52.076" endtime="20231221 20:06:53.188"/>
</iter>
<status status="FAIL" starttime="20231221 20:06:50.942" endtime="20231221 20:06:53.188"/>
</for>
<doc>Verify if all product categories have a "landing page".</doc>
<tag>Medium</tag>
<status status="FAIL" starttime="20231221 20:06:50.505" endtime="20231221 20:06:53.188">ElementNotInteractableException: Message: element not interactable
  (Session info: chrome=120.0.6099.110)
Stacktrace:
	GetHandleVerifier [0x00007FF7760D2142+3514994]
	(No symbol) [0x00007FF775CF0CE2]
	(No symbol) [0x00007FF775B974C3]
	(No symbol) [0x00007FF775BE2D29]
	(No symbol) [0x00007FF775BD6A0F]
	(No symbol) [0x00007FF775C05FEA]
	(No symbol) [0x00007FF775BD63B6]
	(No symbol) [0x00007FF775C06490]
	(No symbol) [0x00007FF775C228F6]
	(No symbol) [0x00007FF775C05D93]
	(No symbol) [0x00007FF775BD4BDC]
	(No symbol) [0x00007FF775BD5C64]
	GetHandleVerifier [0x00007FF7760FE16B+3695259]
	GetHandleVerifier [0x00007FF776156737+4057191]
	GetHandleVerifier [0x00007FF77614E4E3+4023827]
	GetHandleVerifier [0x00007FF775E204F9+689705]
	(No symbol) [0x00007FF775CFC048]
	(No symbol) [0x00007FF775CF8044]
	(No symbol) [0x00007FF775CF81C9]
	(No symbol) [0x00007FF775CE88C4]
	BaseThreadInitThunk [0x00007FFA3DA8257D+29]
	RtlUserThreadStart [0x00007FFA3E82AA58+40]
</status>
</test>
<test id="s1-t2" name="TC_UI_2 Verify Product Search And Details" line="147">
<kw name="Navigate To Main Page" type="SETUP">
<kw name="Go To" library="SeleniumLibrary">
<arg>https://jimms.fi</arg>
<doc>Navigates the current browser window to the provided ``url``.</doc>
<msg timestamp="20231221 20:06:53.193" level="INFO">Opening url 'https://jimms.fi'</msg>
<status status="PASS" starttime="20231221 20:06:53.192" endtime="20231221 20:06:53.834"/>
</kw>
<status status="PASS" starttime="20231221 20:06:53.191" endtime="20231221 20:06:53.834"/>
</kw>
<kw name="Search For Product">
<arg>ps5</arg>
<kw name="Input Text" library="SeleniumLibrary">
<arg>id:searchinput</arg>
<arg>${product_name}</arg>
<doc>Types the given ``text`` into the text field identified by ``locator``.</doc>
<msg timestamp="20231221 20:06:53.836" level="INFO">Typing text 'ps5' into text field 'id:searchinput'.</msg>
<status status="PASS" starttime="20231221 20:06:53.835" endtime="20231221 20:06:53.945"/>
</kw>
<kw name="Press Keys" library="SeleniumLibrary">
<arg>id:searchinput</arg>
<arg>ENTER</arg>
<doc>Simulates the user pressing key(s) to an element or on the active browser.</doc>
<msg timestamp="20231221 20:06:53.946" level="INFO">Sending key(s) ('ENTER',) to id:searchinput element.</msg>
<msg timestamp="20231221 20:06:54.328" level="INFO">Pressing special key ENTER to element.</msg>
<msg timestamp="20231221 20:06:54.329" level="INFO">Releasing special key ENTER.</msg>
<status status="PASS" starttime="20231221 20:06:53.945" endtime="20231221 20:06:54.867"/>
</kw>
<kw name="Sleep" library="BuiltIn">
<arg>1s</arg>
<doc>Pauses the test executed for the given time.</doc>
<msg timestamp="20231221 20:06:55.868" level="INFO">Slept 1 second</msg>
<status status="PASS" starttime="20231221 20:06:54.868" endtime="20231221 20:06:55.868"/>
</kw>
<status status="PASS" starttime="20231221 20:06:53.835" endtime="20231221 20:06:55.868"/>
</kw>
<kw name="Take a Screenshot Of First Product">
<kw name="Get WebElement" library="SeleniumLibrary">
<var>${first_product_link}</var>
<arg>xpath://html/body/main/div[2]/div/div[2]/div[5]/div/div[1]</arg>
<doc>Returns the first WebElement matching the given ``locator``.</doc>
<msg timestamp="20231221 20:06:55.886" level="INFO">${first_product_link} = &lt;selenium.webdriver.remote.webelement.WebElement (session="9b2d0f0549c0f1cf0b54454682121a8b", element="6B894F91B7D79237D3E5EB7D5D20680E_element_196")&gt;</msg>
<status status="PASS" starttime="20231221 20:06:55.870" endtime="20231221 20:06:55.886"/>
</kw>
<kw name="Capture Element Screenshot" library="SeleniumLibrary">
<arg>${first_product_link}</arg>
<arg>filename=first_product.png</arg>
<doc>Captures a screenshot from the element identified by ``locator`` and embeds it into log file.</doc>
<msg timestamp="20231221 20:06:55.977" level="INFO" html="true">&lt;/td&gt;&lt;/tr&gt;&lt;tr&gt;&lt;td colspan="3"&gt;&lt;a href="first_product.png"&gt;&lt;img src="first_product.png" width="400px"&gt;&lt;/a&gt;</msg>
<status status="PASS" starttime="20231221 20:06:55.886" endtime="20231221 20:06:55.978"/>
</kw>
<status status="PASS" starttime="20231221 20:06:55.869" endtime="20231221 20:06:55.978"/>
</kw>
<kw name="Sleep" library="BuiltIn">
<arg>1s</arg>
<doc>Pauses the test executed for the given time.</doc>
<msg timestamp="20231221 20:06:56.980" level="INFO">Slept 1 second</msg>
<status status="PASS" starttime="20231221 20:06:55.979" endtime="20231221 20:06:56.981"/>
</kw>
<kw name="Open First Product">
<kw name="Get WebElement" library="SeleniumLibrary">
<var>${first_product_link}</var>
<arg>xpath://html/body/main/div[2]/div/div[2]/div[5]/div/div[1]/product-box/div[2]/div[2]/h5/a/span</arg>
<doc>Returns the first WebElement matching the given ``locator``.</doc>
<msg timestamp="20231221 20:06:56.994" level="INFO">${first_product_link} = &lt;selenium.webdriver.remote.webelement.WebElement (session="9b2d0f0549c0f1cf0b54454682121a8b", element="6B894F91B7D79237D3E5EB7D5D20680E_element_197")&gt;</msg>
<status status="PASS" starttime="20231221 20:06:56.982" endtime="20231221 20:06:56.994"/>
</kw>
<kw name="Click Element" library="SeleniumLibrary">
<arg>${first_product_link}</arg>
<doc>Click the element identified by ``locator``.</doc>
<msg timestamp="20231221 20:06:56.995" level="INFO">Clicking element '&lt;selenium.webdriver.remote.webelement.WebElement (session="9b2d0f0549c0f1cf0b54454682121a8b", element="6B894F91B7D79237D3E5EB7D5D20680E_element_197")&gt;'.</msg>
<status status="PASS" starttime="20231221 20:06:56.994" endtime="20231221 20:06:57.676"/>
</kw>
<kw name="Sleep" library="BuiltIn">
<arg>2s</arg>
<doc>Pauses the test executed for the given time.</doc>
<msg timestamp="20231221 20:06:59.677" level="INFO">Slept 2 seconds</msg>
<status status="PASS" starttime="20231221 20:06:57.677" endtime="20231221 20:06:59.678"/>
</kw>
<status status="PASS" starttime="20231221 20:06:56.981" endtime="20231221 20:06:59.678"/>
</kw>
<kw name="Sleep" library="BuiltIn">
<arg>2s</arg>
<doc>Pauses the test executed for the given time.</doc>
<msg timestamp="20231221 20:07:01.679" level="INFO">Slept 2 seconds</msg>
<status status="PASS" starttime="20231221 20:06:59.678" endtime="20231221 20:07:01.679"/>
</kw>
<kw name="Check Product Page for ps5">
<kw name="Get Text" library="SeleniumLibrary">
<var>${keyword}</var>
<arg>id:searchinput</arg>
<doc>Returns the text value of the element identified by ``locator``.</doc>
<msg timestamp="20231221 20:07:01.737" level="INFO">${keyword} = </msg>
<status status="PASS" starttime="20231221 20:07:01.697" endtime="20231221 20:07:01.738"/>
</kw>
<kw name="Page Should Contain" library="SeleniumLibrary">
<arg>text=${keyword}</arg>
<doc>Verifies that current page contains ``text``.</doc>
<msg timestamp="20231221 20:07:01.891" level="INFO">Current page contains text ''.</msg>
<status status="PASS" starttime="20231221 20:07:01.738" endtime="20231221 20:07:01.891"/>
</kw>
<status status="PASS" starttime="20231221 20:07:01.697" endtime="20231221 20:07:01.891"/>
</kw>
<doc>Test search feature from the main page (search keyword is: ps5).</doc>
<tag>Medium</tag>
<status status="PASS" starttime="20231221 20:06:53.191" endtime="20231221 20:07:01.892"/>
</test>
<test id="s1-t3" name="TC_UI_3 Find link &quot;Lisää koriin&quot; from product page" line="162">
<kw name="Page Should Contain Link" library="SeleniumLibrary">
<arg>//a[@title="Lisää koriin"]</arg>
<doc>Verifies link identified by ``locator`` is found from current page.</doc>
<msg timestamp="20231221 20:07:01.912" level="INFO">Current page contains link '//a[@title="Lisää koriin"]'.</msg>
<status status="PASS" starttime="20231221 20:07:01.895" endtime="20231221 20:07:01.912"/>
</kw>
<doc>Find link "Lisää koriin" from product page On The PS5 Product.</doc>
<tag>Medium</tag>
<status status="PASS" starttime="20231221 20:07:01.894" endtime="20231221 20:07:01.914"/>
</test>
<test id="s1-t4" name="TC_UI_4 Find icon related to link &quot;Lisää koriin&quot;" line="169">
<kw name="Get WebElement" library="SeleniumLibrary">
<var>${icon_element}</var>
<arg>xpath://*[@id="product-cta-box"]/div/div[2]/div[2]/addto-cart-wrapper/div/a</arg>
<doc>Returns the first WebElement matching the given ``locator``.</doc>
<msg timestamp="20231221 20:07:01.934" level="INFO">${icon_element} = &lt;selenium.webdriver.remote.webelement.WebElement (session="9b2d0f0549c0f1cf0b54454682121a8b", element="5EF29B9EED1E1E5472302BF75A17C81F_element_2658")&gt;</msg>
<status status="PASS" starttime="20231221 20:07:01.916" endtime="20231221 20:07:01.934"/>
</kw>
<kw name="Capture Element Screenshot" library="SeleniumLibrary">
<arg>${icon_element}</arg>
<arg>filename=icon.png</arg>
<doc>Captures a screenshot from the element identified by ``locator`` and embeds it into log file.</doc>
<msg timestamp="20231221 20:07:02.015" level="INFO" html="true">&lt;/td&gt;&lt;/tr&gt;&lt;tr&gt;&lt;td colspan="3"&gt;&lt;a href="icon.png"&gt;&lt;img src="icon.png" width="400px"&gt;&lt;/a&gt;</msg>
<status status="PASS" starttime="20231221 20:07:01.935" endtime="20231221 20:07:02.016"/>
</kw>
<kw name="Sleep" library="BuiltIn">
<arg>1s</arg>
<doc>Pauses the test executed for the given time.</doc>
<msg timestamp="20231221 20:07:03.017" level="INFO">Slept 1 second</msg>
<status status="PASS" starttime="20231221 20:07:02.016" endtime="20231221 20:07:03.017"/>
</kw>
<doc>Find the icon related to the "Lisää koriin" link on the product page.</doc>
<tag>Medium</tag>
<status status="PASS" starttime="20231221 20:07:01.915" endtime="20231221 20:07:03.035"/>
</test>
<test id="s1-t5" name="TC_UI_5 Add Product to Shopping Cart" line="179">
<kw name="Wait Until Page Contains Element" library="SeleniumLibrary">
<arg>xpath://a[@title="Lisää koriin"]</arg>
<doc>Waits until the element ``locator`` appears on the current page.</doc>
<status status="PASS" starttime="20231221 20:07:03.039" endtime="20231221 20:07:03.067"/>
</kw>
<kw name="Sleep" library="BuiltIn">
<arg>2s</arg>
<doc>Pauses the test executed for the given time.</doc>
<msg timestamp="20231221 20:07:05.071" level="INFO">Slept 2 seconds</msg>
<status status="PASS" starttime="20231221 20:07:03.070" endtime="20231221 20:07:05.071"/>
</kw>
<kw name="Click Element" library="SeleniumLibrary">
<arg>xpath://a[@title="Lisää koriin"]</arg>
<doc>Click the element identified by ``locator``.</doc>
<msg timestamp="20231221 20:07:05.072" level="INFO">Clicking element 'xpath://a[@title="Lisää koriin"]'.</msg>
<status status="PASS" starttime="20231221 20:07:05.072" endtime="20231221 20:07:05.158"/>
</kw>
<kw name="Sleep" library="BuiltIn">
<arg>2s</arg>
<doc>Pauses the test executed for the given time.</doc>
<msg timestamp="20231221 20:07:07.158" level="INFO">Slept 2 seconds</msg>
<status status="PASS" starttime="20231221 20:07:05.158" endtime="20231221 20:07:07.158"/>
</kw>
<kw name="Go To" library="SeleniumLibrary">
<arg>https://www.jimms.fi/fi/ShoppingCart</arg>
<doc>Navigates the current browser window to the provided ``url``.</doc>
<msg timestamp="20231221 20:07:07.159" level="INFO">Opening url 'https://www.jimms.fi/fi/ShoppingCart'</msg>
<status status="PASS" starttime="20231221 20:07:07.158" endtime="20231221 20:07:07.586"/>
</kw>
<kw name="Reload Page" library="SeleniumLibrary">
<doc>Simulates user reloading page.</doc>
<status status="PASS" starttime="20231221 20:07:07.586" endtime="20231221 20:07:07.899"/>
</kw>
<kw name="Page Should Contain" library="SeleniumLibrary">
<arg>ps5</arg>
<doc>Verifies that current page contains ``text``.</doc>
<msg timestamp="20231221 20:07:07.920" level="INFO">Current page contains text 'ps5'.</msg>
<status status="PASS" starttime="20231221 20:07:07.899" endtime="20231221 20:07:07.920"/>
</kw>
<kw name="Click Element" library="SeleniumLibrary">
<arg>xpath://*[@id="jim-main"]/div/div/div/div[1]/article/div/div[2]/div/div[1]/div/i</arg>
<doc>Click the element identified by ``locator``.</doc>
<msg timestamp="20231221 20:07:07.922" level="INFO">Clicking element 'xpath://*[@id="jim-main"]/div/div/div/div[1]/article/div/div[2]/div/div[1]/div/i'.</msg>
<status status="PASS" starttime="20231221 20:07:07.921" endtime="20231221 20:07:07.983"/>
</kw>
<kw name="Reload Page" library="SeleniumLibrary">
<doc>Simulates user reloading page.</doc>
<status status="PASS" starttime="20231221 20:07:07.983" endtime="20231221 20:07:08.337"/>
</kw>
<kw name="Sleep" library="BuiltIn">
<arg>2s</arg>
<doc>Pauses the test executed for the given time.</doc>
<msg timestamp="20231221 20:07:10.339" level="INFO">Slept 2 seconds</msg>
<status status="PASS" starttime="20231221 20:07:08.338" endtime="20231221 20:07:10.339"/>
</kw>
<kw name="Page Should Not Contain" library="SeleniumLibrary">
<arg>ps5</arg>
<doc>Verifies the current page does not contain ``text``.</doc>
<msg timestamp="20231221 20:07:10.382" level="INFO">Current page does not contain text 'ps5'.</msg>
<status status="PASS" starttime="20231221 20:07:10.340" endtime="20231221 20:07:10.382"/>
</kw>
<doc>Robot adds a product into the shopping cart.</doc>
<tag>Medium</tag>
<status status="PASS" starttime="20231221 20:07:03.039" endtime="20231221 20:07:10.383"/>
</test>
<test id="s1-t6" name="TC_UI_6 Verify Product Listings on Category Page" line="220">
<kw name="Navigate To Main Page" type="SETUP">
<kw name="Go To" library="SeleniumLibrary">
<arg>https://jimms.fi</arg>
<doc>Navigates the current browser window to the provided ``url``.</doc>
<msg timestamp="20231221 20:07:10.388" level="INFO">Opening url 'https://jimms.fi'</msg>
<status status="PASS" starttime="20231221 20:07:10.388" endtime="20231221 20:07:10.804"/>
</kw>
<status status="PASS" starttime="20231221 20:07:10.387" endtime="20231221 20:07:10.805"/>
</kw>
<kw name="Get Element Count" library="SeleniumLibrary">
<var>${category_count}</var>
<arg>xpath://*[@id="sitemegamenu"]/nav/ul/li/a</arg>
<doc>Returns the number of elements matching ``locator``.</doc>
<msg timestamp="20231221 20:07:10.821" level="INFO">${category_count} = 10</msg>
<status status="PASS" starttime="20231221 20:07:10.805" endtime="20231221 20:07:10.821"/>
</kw>
<for flavor="IN RANGE">
<var>${index}</var>
<value>1</value>
<value>${category_count}</value>
<iter>
<var name="${index}">1</var>
<kw name="Set Variable" library="BuiltIn">
<var>${category_xpath}</var>
<arg>xpath:(//*[@id="sitemegamenu"]/nav/ul/li/a)[${index}]</arg>
<doc>Returns the given values which can then be assigned to a variables.</doc>
<msg timestamp="20231221 20:07:10.823" level="INFO">${category_xpath} = xpath:(//*[@id="sitemegamenu"]/nav/ul/li/a)[1]</msg>
<status status="PASS" starttime="20231221 20:07:10.822" endtime="20231221 20:07:10.823"/>
</kw>
<kw name="Get Text" library="SeleniumLibrary">
<var>${category_text}</var>
<arg>${category_xpath}</arg>
<doc>Returns the text value of the element identified by ``locator``.</doc>
<msg timestamp="20231221 20:07:10.846" level="INFO">${category_text} = Tietokoneet</msg>
<status status="PASS" starttime="20231221 20:07:10.823" endtime="20231221 20:07:10.846"/>
</kw>
<kw name="Run Keyword If" library="BuiltIn">
<arg>'${category_text}' == 'Kampanjat'</arg>
<arg>Continue For Loop</arg>
<doc>Runs the given keyword with the given arguments, if ``condition`` is true.</doc>
<status status="PASS" starttime="20231221 20:07:10.847" endtime="20231221 20:07:10.847"/>
</kw>
<kw name="Click Element" library="SeleniumLibrary">
<arg>${category_xpath}</arg>
<doc>Click the element identified by ``locator``.</doc>
<msg timestamp="20231221 20:07:10.849" level="INFO">Clicking element 'xpath:(//*[@id="sitemegamenu"]/nav/ul/li/a)[1]'.</msg>
<status status="PASS" starttime="20231221 20:07:10.848" endtime="20231221 20:07:11.418"/>
</kw>
<kw name="Sleep" library="BuiltIn">
<arg>2s</arg>
<doc>Pauses the test executed for the given time.</doc>
<msg timestamp="20231221 20:07:13.419" level="INFO">Slept 2 seconds</msg>
<status status="PASS" starttime="20231221 20:07:11.419" endtime="20231221 20:07:13.419"/>
</kw>
<kw name="Get WebElement" library="SeleniumLibrary">
<var>${product_listings}</var>
<arg>xpath://*[@id="jim-main"]/div[2]/div/div[2]/div[4]/div/div[1]/product-box/div[2]/div[2]/h5/a</arg>
<doc>Returns the first WebElement matching the given ``locator``.</doc>
<msg timestamp="20231221 20:07:13.435" level="INFO">${product_listings} = &lt;selenium.webdriver.remote.webelement.WebElement (session="9b2d0f0549c0f1cf0b54454682121a8b", element="6742CA270F02171E0B20D69270EE93AD_element_2954")&gt;</msg>
<status status="PASS" starttime="20231221 20:07:13.419" endtime="20231221 20:07:13.435"/>
</kw>
<kw name="Element Should Be Visible" library="SeleniumLibrary">
<arg>${product_listings}</arg>
<doc>Verifies that the element identified by ``locator`` is visible.</doc>
<msg timestamp="20231221 20:07:13.510" level="INFO">Element '&lt;selenium.webdriver.remote.webelement.WebElement (session="9b2d0f0549c0f1cf0b54454682121a8b", element="6742CA270F02171E0B20D69270EE93AD_element_2954")&gt;' is displayed.</msg>
<status status="PASS" starttime="20231221 20:07:13.435" endtime="20231221 20:07:13.510"/>
</kw>
<kw name="Navigate To Main Page">
<kw name="Go To" library="SeleniumLibrary">
<arg>https://jimms.fi</arg>
<doc>Navigates the current browser window to the provided ``url``.</doc>
<msg timestamp="20231221 20:07:13.511" level="INFO">Opening url 'https://jimms.fi'</msg>
<status status="PASS" starttime="20231221 20:07:13.510" endtime="20231221 20:07:13.873"/>
</kw>
<status status="PASS" starttime="20231221 20:07:13.510" endtime="20231221 20:07:13.873"/>
</kw>
<status status="PASS" starttime="20231221 20:07:10.822" endtime="20231221 20:07:13.873"/>
</iter>
<iter>
<var name="${index}">2</var>
<kw name="Set Variable" library="BuiltIn">
<var>${category_xpath}</var>
<arg>xpath:(//*[@id="sitemegamenu"]/nav/ul/li/a)[${index}]</arg>
<doc>Returns the given values which can then be assigned to a variables.</doc>
<msg timestamp="20231221 20:07:13.874" level="INFO">${category_xpath} = xpath:(//*[@id="sitemegamenu"]/nav/ul/li/a)[2]</msg>
<status status="PASS" starttime="20231221 20:07:13.874" endtime="20231221 20:07:13.874"/>
</kw>
<kw name="Get Text" library="SeleniumLibrary">
<var>${category_text}</var>
<arg>${category_xpath}</arg>
<doc>Returns the text value of the element identified by ``locator``.</doc>
<msg timestamp="20231221 20:07:13.894" level="INFO">${category_text} = Komponentit</msg>
<status status="PASS" starttime="20231221 20:07:13.874" endtime="20231221 20:07:13.894"/>
</kw>
<kw name="Run Keyword If" library="BuiltIn">
<arg>'${category_text}' == 'Kampanjat'</arg>
<arg>Continue For Loop</arg>
<doc>Runs the given keyword with the given arguments, if ``condition`` is true.</doc>
<status status="PASS" starttime="20231221 20:07:13.894" endtime="20231221 20:07:13.894"/>
</kw>
<kw name="Click Element" library="SeleniumLibrary">
<arg>${category_xpath}</arg>
<doc>Click the element identified by ``locator``.</doc>
<msg timestamp="20231221 20:07:13.895" level="INFO">Clicking element 'xpath:(//*[@id="sitemegamenu"]/nav/ul/li/a)[2]'.</msg>
<status status="PASS" starttime="20231221 20:07:13.895" endtime="20231221 20:07:14.311"/>
</kw>
<kw name="Sleep" library="BuiltIn">
<arg>2s</arg>
<doc>Pauses the test executed for the given time.</doc>
<msg timestamp="20231221 20:07:16.312" level="INFO">Slept 2 seconds</msg>
<status status="PASS" starttime="20231221 20:07:14.311" endtime="20231221 20:07:16.312"/>
</kw>
<kw name="Get WebElement" library="SeleniumLibrary">
<var>${product_listings}</var>
<arg>xpath://*[@id="jim-main"]/div[2]/div/div[2]/div[4]/div/div[1]/product-box/div[2]/div[2]/h5/a</arg>
<doc>Returns the first WebElement matching the given ``locator``.</doc>
<msg timestamp="20231221 20:07:16.334" level="INFO">${product_listings} = &lt;selenium.webdriver.remote.webelement.WebElement (session="9b2d0f0549c0f1cf0b54454682121a8b", element="8C1F43E3DCAFE70B5710A0403A47FA7E_element_2977")&gt;</msg>
<status status="PASS" starttime="20231221 20:07:16.312" endtime="20231221 20:07:16.334"/>
</kw>
<kw name="Element Should Be Visible" library="SeleniumLibrary">
<arg>${product_listings}</arg>
<doc>Verifies that the element identified by ``locator`` is visible.</doc>
<msg timestamp="20231221 20:07:16.349" level="INFO">Element '&lt;selenium.webdriver.remote.webelement.WebElement (session="9b2d0f0549c0f1cf0b54454682121a8b", element="8C1F43E3DCAFE70B5710A0403A47FA7E_element_2977")&gt;' is displayed.</msg>
<status status="PASS" starttime="20231221 20:07:16.334" endtime="20231221 20:07:16.350"/>
</kw>
<kw name="Navigate To Main Page">
<kw name="Go To" library="SeleniumLibrary">
<arg>https://jimms.fi</arg>
<doc>Navigates the current browser window to the provided ``url``.</doc>
<msg timestamp="20231221 20:07:16.351" level="INFO">Opening url 'https://jimms.fi'</msg>
<status status="PASS" starttime="20231221 20:07:16.350" endtime="20231221 20:07:16.736"/>
</kw>
<status status="PASS" starttime="20231221 20:07:16.350" endtime="20231221 20:07:16.736"/>
</kw>
<status status="PASS" starttime="20231221 20:07:13.874" endtime="20231221 20:07:16.736"/>
</iter>
<iter>
<var name="${index}">3</var>
<kw name="Set Variable" library="BuiltIn">
<var>${category_xpath}</var>
<arg>xpath:(//*[@id="sitemegamenu"]/nav/ul/li/a)[${index}]</arg>
<doc>Returns the given values which can then be assigned to a variables.</doc>
<msg timestamp="20231221 20:07:16.737" level="INFO">${category_xpath} = xpath:(//*[@id="sitemegamenu"]/nav/ul/li/a)[3]</msg>
<status status="PASS" starttime="20231221 20:07:16.737" endtime="20231221 20:07:16.737"/>
</kw>
<kw name="Get Text" library="SeleniumLibrary">
<var>${category_text}</var>
<arg>${category_xpath}</arg>
<doc>Returns the text value of the element identified by ``locator``.</doc>
<msg timestamp="20231221 20:07:16.769" level="INFO">${category_text} = Oheislaitteet</msg>
<status status="PASS" starttime="20231221 20:07:16.737" endtime="20231221 20:07:16.769"/>
</kw>
<kw name="Run Keyword If" library="BuiltIn">
<arg>'${category_text}' == 'Kampanjat'</arg>
<arg>Continue For Loop</arg>
<doc>Runs the given keyword with the given arguments, if ``condition`` is true.</doc>
<status status="PASS" starttime="20231221 20:07:16.769" endtime="20231221 20:07:16.769"/>
</kw>
<kw name="Click Element" library="SeleniumLibrary">
<arg>${category_xpath}</arg>
<doc>Click the element identified by ``locator``.</doc>
<msg timestamp="20231221 20:07:16.770" level="INFO">Clicking element 'xpath:(//*[@id="sitemegamenu"]/nav/ul/li/a)[3]'.</msg>
<status status="PASS" starttime="20231221 20:07:16.770" endtime="20231221 20:07:17.301"/>
</kw>
<kw name="Sleep" library="BuiltIn">
<arg>2s</arg>
<doc>Pauses the test executed for the given time.</doc>
<msg timestamp="20231221 20:07:19.302" level="INFO">Slept 2 seconds</msg>
<status status="PASS" starttime="20231221 20:07:17.302" endtime="20231221 20:07:19.302"/>
</kw>
<kw name="Get WebElement" library="SeleniumLibrary">
<var>${product_listings}</var>
<arg>xpath://*[@id="jim-main"]/div[2]/div/div[2]/div[4]/div/div[1]/product-box/div[2]/div[2]/h5/a</arg>
<doc>Returns the first WebElement matching the given ``locator``.</doc>
<msg timestamp="20231221 20:07:19.314" level="INFO">${product_listings} = &lt;selenium.webdriver.remote.webelement.WebElement (session="9b2d0f0549c0f1cf0b54454682121a8b", element="888996272DD96DE04FEDAEEA43F8BE8C_element_3000")&gt;</msg>
<status status="PASS" starttime="20231221 20:07:19.302" endtime="20231221 20:07:19.314"/>
</kw>
<kw name="Element Should Be Visible" library="SeleniumLibrary">
<arg>${product_listings}</arg>
<doc>Verifies that the element identified by ``locator`` is visible.</doc>
<msg timestamp="20231221 20:07:19.325" level="INFO">Element '&lt;selenium.webdriver.remote.webelement.WebElement (session="9b2d0f0549c0f1cf0b54454682121a8b", element="888996272DD96DE04FEDAEEA43F8BE8C_element_3000")&gt;' is displayed.</msg>
<status status="PASS" starttime="20231221 20:07:19.314" endtime="20231221 20:07:19.325"/>
</kw>
<kw name="Navigate To Main Page">
<kw name="Go To" library="SeleniumLibrary">
<arg>https://jimms.fi</arg>
<doc>Navigates the current browser window to the provided ``url``.</doc>
<msg timestamp="20231221 20:07:19.326" level="INFO">Opening url 'https://jimms.fi'</msg>
<status status="PASS" starttime="20231221 20:07:19.326" endtime="20231221 20:07:19.819"/>
</kw>
<status status="PASS" starttime="20231221 20:07:19.325" endtime="20231221 20:07:19.819"/>
</kw>
<status status="PASS" starttime="20231221 20:07:16.736" endtime="20231221 20:07:19.819"/>
</iter>
<iter>
<var name="${index}">4</var>
<kw name="Set Variable" library="BuiltIn">
<var>${category_xpath}</var>
<arg>xpath:(//*[@id="sitemegamenu"]/nav/ul/li/a)[${index}]</arg>
<doc>Returns the given values which can then be assigned to a variables.</doc>
<msg timestamp="20231221 20:07:19.820" level="INFO">${category_xpath} = xpath:(//*[@id="sitemegamenu"]/nav/ul/li/a)[4]</msg>
<status status="PASS" starttime="20231221 20:07:19.820" endtime="20231221 20:07:19.820"/>
</kw>
<kw name="Get Text" library="SeleniumLibrary">
<var>${category_text}</var>
<arg>${category_xpath}</arg>
<doc>Returns the text value of the element identified by ``locator``.</doc>
<msg timestamp="20231221 20:07:19.850" level="INFO">${category_text} = Pelaaminen</msg>
<status status="PASS" starttime="20231221 20:07:19.821" endtime="20231221 20:07:19.850"/>
</kw>
<kw name="Run Keyword If" library="BuiltIn">
<arg>'${category_text}' == 'Kampanjat'</arg>
<arg>Continue For Loop</arg>
<doc>Runs the given keyword with the given arguments, if ``condition`` is true.</doc>
<status status="PASS" starttime="20231221 20:07:19.851" endtime="20231221 20:07:19.851"/>
</kw>
<kw name="Click Element" library="SeleniumLibrary">
<arg>${category_xpath}</arg>
<doc>Click the element identified by ``locator``.</doc>
<msg timestamp="20231221 20:07:19.852" level="INFO">Clicking element 'xpath:(//*[@id="sitemegamenu"]/nav/ul/li/a)[4]'.</msg>
<status status="PASS" starttime="20231221 20:07:19.851" endtime="20231221 20:07:20.239"/>
</kw>
<kw name="Sleep" library="BuiltIn">
<arg>2s</arg>
<doc>Pauses the test executed for the given time.</doc>
<msg timestamp="20231221 20:07:22.239" level="INFO">Slept 2 seconds</msg>
<status status="PASS" starttime="20231221 20:07:20.239" endtime="20231221 20:07:22.239"/>
</kw>
<kw name="Get WebElement" library="SeleniumLibrary">
<var>${product_listings}</var>
<arg>xpath://*[@id="jim-main"]/div[2]/div/div[2]/div[4]/div/div[1]/product-box/div[2]/div[2]/h5/a</arg>
<doc>Returns the first WebElement matching the given ``locator``.</doc>
<msg timestamp="20231221 20:07:22.254" level="INFO">${product_listings} = &lt;selenium.webdriver.remote.webelement.WebElement (session="9b2d0f0549c0f1cf0b54454682121a8b", element="212EA4EDB66EF5DF61C976A46CACE5E7_element_3023")&gt;</msg>
<status status="PASS" starttime="20231221 20:07:22.239" endtime="20231221 20:07:22.254"/>
</kw>
<kw name="Element Should Be Visible" library="SeleniumLibrary">
<arg>${product_listings}</arg>
<doc>Verifies that the element identified by ``locator`` is visible.</doc>
<msg timestamp="20231221 20:07:22.268" level="INFO">Element '&lt;selenium.webdriver.remote.webelement.WebElement (session="9b2d0f0549c0f1cf0b54454682121a8b", element="212EA4EDB66EF5DF61C976A46CACE5E7_element_3023")&gt;' is displayed.</msg>
<status status="PASS" starttime="20231221 20:07:22.254" endtime="20231221 20:07:22.268"/>
</kw>
<kw name="Navigate To Main Page">
<kw name="Go To" library="SeleniumLibrary">
<arg>https://jimms.fi</arg>
<doc>Navigates the current browser window to the provided ``url``.</doc>
<msg timestamp="20231221 20:07:22.269" level="INFO">Opening url 'https://jimms.fi'</msg>
<status status="PASS" starttime="20231221 20:07:22.269" endtime="20231221 20:07:22.411"/>
</kw>
<status status="PASS" starttime="20231221 20:07:22.268" endtime="20231221 20:07:22.411"/>
</kw>
<status status="PASS" starttime="20231221 20:07:19.820" endtime="20231221 20:07:22.411"/>
</iter>
<iter>
<var name="${index}">5</var>
<kw name="Set Variable" library="BuiltIn">
<var>${category_xpath}</var>
<arg>xpath:(//*[@id="sitemegamenu"]/nav/ul/li/a)[${index}]</arg>
<doc>Returns the given values which can then be assigned to a variables.</doc>
<msg timestamp="20231221 20:07:22.413" level="INFO">${category_xpath} = xpath:(//*[@id="sitemegamenu"]/nav/ul/li/a)[5]</msg>
<status status="PASS" starttime="20231221 20:07:22.413" endtime="20231221 20:07:22.414"/>
</kw>
<kw name="Get Text" library="SeleniumLibrary">
<var>${category_text}</var>
<arg>${category_xpath}</arg>
<doc>Returns the text value of the element identified by ``locator``.</doc>
<msg timestamp="20231221 20:07:22.838" level="INFO">${category_text} = Verkkotuotteet</msg>
<status status="PASS" starttime="20231221 20:07:22.414" endtime="20231221 20:07:22.838"/>
</kw>
<kw name="Run Keyword If" library="BuiltIn">
<arg>'${category_text}' == 'Kampanjat'</arg>
<arg>Continue For Loop</arg>
<doc>Runs the given keyword with the given arguments, if ``condition`` is true.</doc>
<status status="PASS" starttime="20231221 20:07:22.839" endtime="20231221 20:07:22.839"/>
</kw>
<kw name="Click Element" library="SeleniumLibrary">
<arg>${category_xpath}</arg>
<doc>Click the element identified by ``locator``.</doc>
<msg timestamp="20231221 20:07:22.840" level="INFO">Clicking element 'xpath:(//*[@id="sitemegamenu"]/nav/ul/li/a)[5]'.</msg>
<status status="PASS" starttime="20231221 20:07:22.839" endtime="20231221 20:07:23.523"/>
</kw>
<kw name="Sleep" library="BuiltIn">
<arg>2s</arg>
<doc>Pauses the test executed for the given time.</doc>
<msg timestamp="20231221 20:07:25.523" level="INFO">Slept 2 seconds</msg>
<status status="PASS" starttime="20231221 20:07:23.523" endtime="20231221 20:07:25.523"/>
</kw>
<kw name="Get WebElement" library="SeleniumLibrary">
<var>${product_listings}</var>
<arg>xpath://*[@id="jim-main"]/div[2]/div/div[2]/div[4]/div/div[1]/product-box/div[2]/div[2]/h5/a</arg>
<doc>Returns the first WebElement matching the given ``locator``.</doc>
<msg timestamp="20231221 20:07:25.533" level="INFO">${product_listings} = &lt;selenium.webdriver.remote.webelement.WebElement (session="9b2d0f0549c0f1cf0b54454682121a8b", element="F542C087C9F79C5A04E10F5B916B253D_element_3064")&gt;</msg>
<status status="PASS" starttime="20231221 20:07:25.524" endtime="20231221 20:07:25.533"/>
</kw>
<kw name="Element Should Be Visible" library="SeleniumLibrary">
<arg>${product_listings}</arg>
<doc>Verifies that the element identified by ``locator`` is visible.</doc>
<msg timestamp="20231221 20:07:25.542" level="INFO">Element '&lt;selenium.webdriver.remote.webelement.WebElement (session="9b2d0f0549c0f1cf0b54454682121a8b", element="F542C087C9F79C5A04E10F5B916B253D_element_3064")&gt;' is displayed.</msg>
<status status="PASS" starttime="20231221 20:07:25.534" endtime="20231221 20:07:25.542"/>
</kw>
<kw name="Navigate To Main Page">
<kw name="Go To" library="SeleniumLibrary">
<arg>https://jimms.fi</arg>
<doc>Navigates the current browser window to the provided ``url``.</doc>
<msg timestamp="20231221 20:07:25.543" level="INFO">Opening url 'https://jimms.fi'</msg>
<status status="PASS" starttime="20231221 20:07:25.543" endtime="20231221 20:07:25.929"/>
</kw>
<status status="PASS" starttime="20231221 20:07:25.542" endtime="20231221 20:07:25.929"/>
</kw>
<status status="PASS" starttime="20231221 20:07:22.412" endtime="20231221 20:07:25.929"/>
</iter>
<iter>
<var name="${index}">6</var>
<kw name="Set Variable" library="BuiltIn">
<var>${category_xpath}</var>
<arg>xpath:(//*[@id="sitemegamenu"]/nav/ul/li/a)[${index}]</arg>
<doc>Returns the given values which can then be assigned to a variables.</doc>
<msg timestamp="20231221 20:07:25.930" level="INFO">${category_xpath} = xpath:(//*[@id="sitemegamenu"]/nav/ul/li/a)[6]</msg>
<status status="PASS" starttime="20231221 20:07:25.930" endtime="20231221 20:07:25.930"/>
</kw>
<kw name="Get Text" library="SeleniumLibrary">
<var>${category_text}</var>
<arg>${category_xpath}</arg>
<doc>Returns the text value of the element identified by ``locator``.</doc>
<msg timestamp="20231221 20:07:25.957" level="INFO">${category_text} = Tarvikkeet</msg>
<status status="PASS" starttime="20231221 20:07:25.931" endtime="20231221 20:07:25.957"/>
</kw>
<kw name="Run Keyword If" library="BuiltIn">
<arg>'${category_text}' == 'Kampanjat'</arg>
<arg>Continue For Loop</arg>
<doc>Runs the given keyword with the given arguments, if ``condition`` is true.</doc>
<status status="PASS" starttime="20231221 20:07:25.958" endtime="20231221 20:07:25.958"/>
</kw>
<kw name="Click Element" library="SeleniumLibrary">
<arg>${category_xpath}</arg>
<doc>Click the element identified by ``locator``.</doc>
<msg timestamp="20231221 20:07:25.959" level="INFO">Clicking element 'xpath:(//*[@id="sitemegamenu"]/nav/ul/li/a)[6]'.</msg>
<status status="PASS" starttime="20231221 20:07:25.958" endtime="20231221 20:07:26.440"/>
</kw>
<kw name="Sleep" library="BuiltIn">
<arg>2s</arg>
<doc>Pauses the test executed for the given time.</doc>
<msg timestamp="20231221 20:07:28.441" level="INFO">Slept 2 seconds</msg>
<status status="PASS" starttime="20231221 20:07:26.440" endtime="20231221 20:07:28.441"/>
</kw>
<kw name="Get WebElement" library="SeleniumLibrary">
<var>${product_listings}</var>
<arg>xpath://*[@id="jim-main"]/div[2]/div/div[2]/div[4]/div/div[1]/product-box/div[2]/div[2]/h5/a</arg>
<doc>Returns the first WebElement matching the given ``locator``.</doc>
<msg timestamp="20231221 20:07:28.452" level="INFO">${product_listings} = &lt;selenium.webdriver.remote.webelement.WebElement (session="9b2d0f0549c0f1cf0b54454682121a8b", element="BC7349B6A74A86138809F2400E862DA0_element_3087")&gt;</msg>
<status status="PASS" starttime="20231221 20:07:28.441" endtime="20231221 20:07:28.452"/>
</kw>
<kw name="Element Should Be Visible" library="SeleniumLibrary">
<arg>${product_listings}</arg>
<doc>Verifies that the element identified by ``locator`` is visible.</doc>
<msg timestamp="20231221 20:07:28.462" level="INFO">Element '&lt;selenium.webdriver.remote.webelement.WebElement (session="9b2d0f0549c0f1cf0b54454682121a8b", element="BC7349B6A74A86138809F2400E862DA0_element_3087")&gt;' is displayed.</msg>
<status status="PASS" starttime="20231221 20:07:28.452" endtime="20231221 20:07:28.463"/>
</kw>
<kw name="Navigate To Main Page">
<kw name="Go To" library="SeleniumLibrary">
<arg>https://jimms.fi</arg>
<doc>Navigates the current browser window to the provided ``url``.</doc>
<msg timestamp="20231221 20:07:28.464" level="INFO">Opening url 'https://jimms.fi'</msg>
<status status="PASS" starttime="20231221 20:07:28.463" endtime="20231221 20:07:28.889"/>
</kw>
<status status="PASS" starttime="20231221 20:07:28.463" endtime="20231221 20:07:28.889"/>
</kw>
<status status="PASS" starttime="20231221 20:07:25.930" endtime="20231221 20:07:28.889"/>
</iter>
<iter>
<var name="${index}">7</var>
<kw name="Set Variable" library="BuiltIn">
<var>${category_xpath}</var>
<arg>xpath:(//*[@id="sitemegamenu"]/nav/ul/li/a)[${index}]</arg>
<doc>Returns the given values which can then be assigned to a variables.</doc>
<msg timestamp="20231221 20:07:28.890" level="INFO">${category_xpath} = xpath:(//*[@id="sitemegamenu"]/nav/ul/li/a)[7]</msg>
<status status="PASS" starttime="20231221 20:07:28.889" endtime="20231221 20:07:28.890"/>
</kw>
<kw name="Get Text" library="SeleniumLibrary">
<var>${category_text}</var>
<arg>${category_xpath}</arg>
<doc>Returns the text value of the element identified by ``locator``.</doc>
<msg timestamp="20231221 20:07:28.909" level="INFO">${category_text} = Erikoistuotteet</msg>
<status status="PASS" starttime="20231221 20:07:28.890" endtime="20231221 20:07:28.909"/>
</kw>
<kw name="Run Keyword If" library="BuiltIn">
<arg>'${category_text}' == 'Kampanjat'</arg>
<arg>Continue For Loop</arg>
<doc>Runs the given keyword with the given arguments, if ``condition`` is true.</doc>
<status status="PASS" starttime="20231221 20:07:28.909" endtime="20231221 20:07:28.910"/>
</kw>
<kw name="Click Element" library="SeleniumLibrary">
<arg>${category_xpath}</arg>
<doc>Click the element identified by ``locator``.</doc>
<msg timestamp="20231221 20:07:28.911" level="INFO">Clicking element 'xpath:(//*[@id="sitemegamenu"]/nav/ul/li/a)[7]'.</msg>
<status status="PASS" starttime="20231221 20:07:28.910" endtime="20231221 20:07:29.289"/>
</kw>
<kw name="Sleep" library="BuiltIn">
<arg>2s</arg>
<doc>Pauses the test executed for the given time.</doc>
<msg timestamp="20231221 20:07:31.290" level="INFO">Slept 2 seconds</msg>
<status status="PASS" starttime="20231221 20:07:29.290" endtime="20231221 20:07:31.290"/>
</kw>
<kw name="Get WebElement" library="SeleniumLibrary">
<var>${product_listings}</var>
<arg>xpath://*[@id="jim-main"]/div[2]/div/div[2]/div[4]/div/div[1]/product-box/div[2]/div[2]/h5/a</arg>
<doc>Returns the first WebElement matching the given ``locator``.</doc>
<msg timestamp="20231221 20:07:31.329" level="INFO">${product_listings} = &lt;selenium.webdriver.remote.webelement.WebElement (session="9b2d0f0549c0f1cf0b54454682121a8b", element="6817F2C89A101DE69A0D3A5DF7E3FE84_element_3110")&gt;</msg>
<status status="PASS" starttime="20231221 20:07:31.290" endtime="20231221 20:07:31.330"/>
</kw>
<kw name="Element Should Be Visible" library="SeleniumLibrary">
<arg>${product_listings}</arg>
<doc>Verifies that the element identified by ``locator`` is visible.</doc>
<msg timestamp="20231221 20:07:31.338" level="INFO">Element '&lt;selenium.webdriver.remote.webelement.WebElement (session="9b2d0f0549c0f1cf0b54454682121a8b", element="6817F2C89A101DE69A0D3A5DF7E3FE84_element_3110")&gt;' is displayed.</msg>
<status status="PASS" starttime="20231221 20:07:31.330" endtime="20231221 20:07:31.339"/>
</kw>
<kw name="Navigate To Main Page">
<kw name="Go To" library="SeleniumLibrary">
<arg>https://jimms.fi</arg>
<doc>Navigates the current browser window to the provided ``url``.</doc>
<msg timestamp="20231221 20:07:31.339" level="INFO">Opening url 'https://jimms.fi'</msg>
<status status="PASS" starttime="20231221 20:07:31.339" endtime="20231221 20:07:31.762"/>
</kw>
<status status="PASS" starttime="20231221 20:07:31.339" endtime="20231221 20:07:31.762"/>
</kw>
<status status="PASS" starttime="20231221 20:07:28.889" endtime="20231221 20:07:31.762"/>
</iter>
<iter>
<var name="${index}">8</var>
<kw name="Set Variable" library="BuiltIn">
<var>${category_xpath}</var>
<arg>xpath:(//*[@id="sitemegamenu"]/nav/ul/li/a)[${index}]</arg>
<doc>Returns the given values which can then be assigned to a variables.</doc>
<msg timestamp="20231221 20:07:31.764" level="INFO">${category_xpath} = xpath:(//*[@id="sitemegamenu"]/nav/ul/li/a)[8]</msg>
<status status="PASS" starttime="20231221 20:07:31.764" endtime="20231221 20:07:31.764"/>
</kw>
<kw name="Get Text" library="SeleniumLibrary">
<var>${category_text}</var>
<arg>${category_xpath}</arg>
<doc>Returns the text value of the element identified by ``locator``.</doc>
<msg timestamp="20231221 20:07:31.785" level="INFO">${category_text} = Ohjelmistot</msg>
<status status="PASS" starttime="20231221 20:07:31.765" endtime="20231221 20:07:31.785"/>
</kw>
<kw name="Run Keyword If" library="BuiltIn">
<arg>'${category_text}' == 'Kampanjat'</arg>
<arg>Continue For Loop</arg>
<doc>Runs the given keyword with the given arguments, if ``condition`` is true.</doc>
<status status="PASS" starttime="20231221 20:07:31.786" endtime="20231221 20:07:31.786"/>
</kw>
<kw name="Click Element" library="SeleniumLibrary">
<arg>${category_xpath}</arg>
<doc>Click the element identified by ``locator``.</doc>
<msg timestamp="20231221 20:07:31.787" level="INFO">Clicking element 'xpath:(//*[@id="sitemegamenu"]/nav/ul/li/a)[8]'.</msg>
<status status="PASS" starttime="20231221 20:07:31.786" endtime="20231221 20:07:32.206"/>
</kw>
<kw name="Sleep" library="BuiltIn">
<arg>2s</arg>
<doc>Pauses the test executed for the given time.</doc>
<msg timestamp="20231221 20:07:34.208" level="INFO">Slept 2 seconds</msg>
<status status="PASS" starttime="20231221 20:07:32.206" endtime="20231221 20:07:34.208"/>
</kw>
<kw name="Get WebElement" library="SeleniumLibrary">
<var>${product_listings}</var>
<arg>xpath://*[@id="jim-main"]/div[2]/div/div[2]/div[4]/div/div[1]/product-box/div[2]/div[2]/h5/a</arg>
<doc>Returns the first WebElement matching the given ``locator``.</doc>
<msg timestamp="20231221 20:07:34.217" level="INFO">${product_listings} = &lt;selenium.webdriver.remote.webelement.WebElement (session="9b2d0f0549c0f1cf0b54454682121a8b", element="FA86F91174244A2CC005B6F9FF164DE4_element_3138")&gt;</msg>
<status status="PASS" starttime="20231221 20:07:34.208" endtime="20231221 20:07:34.218"/>
</kw>
<kw name="Element Should Be Visible" library="SeleniumLibrary">
<arg>${product_listings}</arg>
<doc>Verifies that the element identified by ``locator`` is visible.</doc>
<msg timestamp="20231221 20:07:34.225" level="INFO">Element '&lt;selenium.webdriver.remote.webelement.WebElement (session="9b2d0f0549c0f1cf0b54454682121a8b", element="FA86F91174244A2CC005B6F9FF164DE4_element_3138")&gt;' is displayed.</msg>
<status status="PASS" starttime="20231221 20:07:34.218" endtime="20231221 20:07:34.225"/>
</kw>
<kw name="Navigate To Main Page">
<kw name="Go To" library="SeleniumLibrary">
<arg>https://jimms.fi</arg>
<doc>Navigates the current browser window to the provided ``url``.</doc>
<msg timestamp="20231221 20:07:34.226" level="INFO">Opening url 'https://jimms.fi'</msg>
<status status="PASS" starttime="20231221 20:07:34.226" endtime="20231221 20:07:34.717"/>
</kw>
<status status="PASS" starttime="20231221 20:07:34.226" endtime="20231221 20:07:34.718"/>
</kw>
<status status="PASS" starttime="20231221 20:07:31.764" endtime="20231221 20:07:34.718"/>
</iter>
<iter>
<var name="${index}">9</var>
<kw name="Set Variable" library="BuiltIn">
<var>${category_xpath}</var>
<arg>xpath:(//*[@id="sitemegamenu"]/nav/ul/li/a)[${index}]</arg>
<doc>Returns the given values which can then be assigned to a variables.</doc>
<msg timestamp="20231221 20:07:34.719" level="INFO">${category_xpath} = xpath:(//*[@id="sitemegamenu"]/nav/ul/li/a)[9]</msg>
<status status="PASS" starttime="20231221 20:07:34.718" endtime="20231221 20:07:34.719"/>
</kw>
<kw name="Get Text" library="SeleniumLibrary">
<var>${category_text}</var>
<arg>${category_xpath}</arg>
<doc>Returns the text value of the element identified by ``locator``.</doc>
<msg timestamp="20231221 20:07:34.752" level="INFO">${category_text} = Palvelut</msg>
<status status="PASS" starttime="20231221 20:07:34.719" endtime="20231221 20:07:34.752"/>
</kw>
<kw name="Run Keyword If" library="BuiltIn">
<arg>'${category_text}' == 'Kampanjat'</arg>
<arg>Continue For Loop</arg>
<doc>Runs the given keyword with the given arguments, if ``condition`` is true.</doc>
<status status="PASS" starttime="20231221 20:07:34.753" endtime="20231221 20:07:34.753"/>
</kw>
<kw name="Click Element" library="SeleniumLibrary">
<arg>${category_xpath}</arg>
<doc>Click the element identified by ``locator``.</doc>
<msg timestamp="20231221 20:07:34.754" level="INFO">Clicking element 'xpath:(//*[@id="sitemegamenu"]/nav/ul/li/a)[9]'.</msg>
<status status="PASS" starttime="20231221 20:07:34.753" endtime="20231221 20:07:35.154"/>
</kw>
<kw name="Sleep" library="BuiltIn">
<arg>2s</arg>
<doc>Pauses the test executed for the given time.</doc>
<msg timestamp="20231221 20:07:37.155" level="INFO">Slept 2 seconds</msg>
<status status="PASS" starttime="20231221 20:07:35.154" endtime="20231221 20:07:37.155"/>
</kw>
<kw name="Get WebElement" library="SeleniumLibrary">
<var>${product_listings}</var>
<arg>xpath://*[@id="jim-main"]/div[2]/div/div[2]/div[4]/div/div[1]/product-box/div[2]/div[2]/h5/a</arg>
<doc>Returns the first WebElement matching the given ``locator``.</doc>
<msg timestamp="20231221 20:07:37.166" level="INFO">${product_listings} = &lt;selenium.webdriver.remote.webelement.WebElement (session="9b2d0f0549c0f1cf0b54454682121a8b", element="C2CB6E2ECC5E13D55114682A2D26507F_element_3161")&gt;</msg>
<status status="PASS" starttime="20231221 20:07:37.156" endtime="20231221 20:07:37.166"/>
</kw>
<kw name="Element Should Be Visible" library="SeleniumLibrary">
<arg>${product_listings}</arg>
<doc>Verifies that the element identified by ``locator`` is visible.</doc>
<msg timestamp="20231221 20:07:37.178" level="INFO">Element '&lt;selenium.webdriver.remote.webelement.WebElement (session="9b2d0f0549c0f1cf0b54454682121a8b", element="C2CB6E2ECC5E13D55114682A2D26507F_element_3161")&gt;' is displayed.</msg>
<status status="PASS" starttime="20231221 20:07:37.167" endtime="20231221 20:07:37.179"/>
</kw>
<kw name="Navigate To Main Page">
<kw name="Go To" library="SeleniumLibrary">
<arg>https://jimms.fi</arg>
<doc>Navigates the current browser window to the provided ``url``.</doc>
<msg timestamp="20231221 20:07:37.180" level="INFO">Opening url 'https://jimms.fi'</msg>
<status status="PASS" starttime="20231221 20:07:37.179" endtime="20231221 20:07:37.238"/>
</kw>
<status status="PASS" starttime="20231221 20:07:37.179" endtime="20231221 20:07:37.238"/>
</kw>
<status status="PASS" starttime="20231221 20:07:34.718" endtime="20231221 20:07:37.238"/>
</iter>
<status status="PASS" starttime="20231221 20:07:10.822" endtime="20231221 20:07:37.238"/>
</for>
<doc>Verify if each category page contains products and is not empty.</doc>
<tag>Medium</tag>
<status status="PASS" starttime="20231221 20:07:10.385" endtime="20231221 20:07:37.253"/>
</test>
<test id="s1-t7" name="TC_UI_7 Verify Product Sorting on Search Page" line="243">
<kw name="Go To" library="SeleniumLibrary" type="SETUP">
<arg>https://www.jimms.fi/fi/Product/Search?q=ps5</arg>
<doc>Navigates the current browser window to the provided ``url``.</doc>
<msg timestamp="20231221 20:07:37.266" level="INFO">Opening url 'https://www.jimms.fi/fi/Product/Search?q=ps5'</msg>
<status status="PASS" starttime="20231221 20:07:37.265" endtime="20231221 20:07:38.104"/>
</kw>
<kw name="Sleep" library="BuiltIn">
<arg>2s</arg>
<doc>Pauses the test executed for the given time.</doc>
<msg timestamp="20231221 20:07:40.105" level="INFO">Slept 2 seconds</msg>
<status status="PASS" starttime="20231221 20:07:38.105" endtime="20231221 20:07:40.105"/>
</kw>
<kw name="Get WebElements" library="SeleniumLibrary">
<var>${unsorted_prices}</var>
<arg>xpath://*[@id="productsearchpage"]/div[2]/div[5]/div/div[1]/product-box/div[2]/div[3]/div/span/span</arg>
<doc>Returns a list of WebElement objects matching the ``locator``.</doc>
<msg timestamp="20231221 20:07:40.130" level="INFO">${unsorted_prices} = [&lt;selenium.webdriver.remote.webelement.WebElement (session="9b2d0f0549c0f1cf0b54454682121a8b", element="93F307209AF83C773DB88963A8187201_element_3181")&gt;]</msg>
<status status="PASS" starttime="20231221 20:07:40.106" endtime="20231221 20:07:40.130"/>
</kw>
<kw name="Capture Page Screenshot" library="SeleniumLibrary">
<arg>Before_Sorting.png</arg>
<doc>Takes a screenshot of the current page and embeds it into a log file.</doc>
<msg timestamp="20231221 20:07:40.347" level="INFO" html="true">&lt;/td&gt;&lt;/tr&gt;&lt;tr&gt;&lt;td colspan="3"&gt;&lt;a href="Before_Sorting.png"&gt;&lt;img src="Before_Sorting.png" width="800px"&gt;&lt;/a&gt;</msg>
<status status="PASS" starttime="20231221 20:07:40.132" endtime="20231221 20:07:40.347"/>
</kw>
<kw name="Click Element" library="SeleniumLibrary">
<arg>xpath://*[@id="productlist-sorting"]/div/button</arg>
<doc>Click the element identified by ``locator``.</doc>
<msg timestamp="20231221 20:07:40.348" level="INFO">Clicking element 'xpath://*[@id="productlist-sorting"]/div/button'.</msg>
<status status="PASS" starttime="20231221 20:07:40.348" endtime="20231221 20:07:40.418"/>
</kw>
<kw name="Wait Until Element Is Visible" library="SeleniumLibrary">
<arg>xpath://*[@id="productlist-sorting"]/div/ul/li[7]/a</arg>
<doc>Waits until the element ``locator`` is visible.</doc>
<status status="PASS" starttime="20231221 20:07:40.418" endtime="20231221 20:07:40.449"/>
</kw>
<kw name="Click Element" library="SeleniumLibrary">
<arg>xpath://*[@id="productlist-sorting"]/div/ul/li[7]/a</arg>
<doc>Click the element identified by ``locator``.</doc>
<msg timestamp="20231221 20:07:40.450" level="INFO">Clicking element 'xpath://*[@id="productlist-sorting"]/div/ul/li[7]/a'.</msg>
<status status="PASS" starttime="20231221 20:07:40.449" endtime="20231221 20:07:40.507"/>
</kw>
<kw name="Sleep" library="BuiltIn">
<arg>2s</arg>
<doc>Pauses the test executed for the given time.</doc>
<msg timestamp="20231221 20:07:42.508" level="INFO">Slept 2 seconds</msg>
<status status="PASS" starttime="20231221 20:07:40.508" endtime="20231221 20:07:42.508"/>
</kw>
<kw name="Get WebElements" library="SeleniumLibrary">
<var>${sorted_prices}</var>
<arg>xpath://*[@id="productsearchpage"]/div[2]/div[5]/div/div[1]/product-box/div[2]/div[3]/div/span/span</arg>
<doc>Returns a list of WebElement objects matching the ``locator``.</doc>
<msg timestamp="20231221 20:07:42.531" level="INFO">${sorted_prices} = [&lt;selenium.webdriver.remote.webelement.WebElement (session="9b2d0f0549c0f1cf0b54454682121a8b", element="93F307209AF83C773DB88963A8187201_element_3188")&gt;]</msg>
<status status="PASS" starttime="20231221 20:07:42.508" endtime="20231221 20:07:42.531"/>
</kw>
<kw name="Capture Page Screenshot" library="SeleniumLibrary">
<arg>After_Sorting.png</arg>
<doc>Takes a screenshot of the current page and embeds it into a log file.</doc>
<msg timestamp="20231221 20:07:42.720" level="INFO" html="true">&lt;/td&gt;&lt;/tr&gt;&lt;tr&gt;&lt;td colspan="3"&gt;&lt;a href="After_Sorting.png"&gt;&lt;img src="After_Sorting.png" width="800px"&gt;&lt;/a&gt;</msg>
<status status="PASS" starttime="20231221 20:07:42.532" endtime="20231221 20:07:42.720"/>
</kw>
<kw name="Should Not Be Equal" library="BuiltIn">
<arg>${unsorted_prices}</arg>
<arg>${sorted_prices}</arg>
<doc>Fails if the given objects are equal.</doc>
<status status="PASS" starttime="20231221 20:07:42.721" endtime="20231221 20:07:42.721"/>
</kw>
<doc>Verify product sorting on the search results page.</doc>
<tag>Medium</tag>
<status status="PASS" starttime="20231221 20:07:37.264" endtime="20231221 20:07:42.721"/>
</test>
<test id="s1-t8" name="TC_UI_8 Verify Price Range Filtering" line="275">
<kw name="Go To" library="SeleniumLibrary" type="SETUP">
<arg>https://www.jimms.fi/fi/Product/Search?q=ps5</arg>
<doc>Navigates the current browser window to the provided ``url``.</doc>
<msg timestamp="20231221 20:07:42.723" level="INFO">Opening url 'https://www.jimms.fi/fi/Product/Search?q=ps5'</msg>
<status status="PASS" starttime="20231221 20:07:42.723" endtime="20231221 20:07:42.792"/>
</kw>
<kw name="Set Variable" library="BuiltIn">
<var>${min_value}</var>
<arg>500</arg>
<doc>Returns the given values which can then be assigned to a variables.</doc>
<msg timestamp="20231221 20:07:42.794" level="INFO">${min_value} = 500</msg>
<status status="PASS" starttime="20231221 20:07:42.794" endtime="20231221 20:07:42.794"/>
</kw>
<kw name="Set Variable" library="BuiltIn">
<var>${max_value}</var>
<arg>1000</arg>
<doc>Returns the given values which can then be assigned to a variables.</doc>
<msg timestamp="20231221 20:07:42.799" level="INFO">${max_value} = 1000</msg>
<status status="PASS" starttime="20231221 20:07:42.798" endtime="20231221 20:07:42.800"/>
</kw>
<kw name="Set Variable" library="BuiltIn">
<var>${min_input_xpath}</var>
<arg>xpath://input[@data-bind="numeric: filterSliderMin, value: filterMinText"]</arg>
<doc>Returns the given values which can then be assigned to a variables.</doc>
<msg timestamp="20231221 20:07:42.802" level="INFO">${min_input_xpath} = xpath://input[@data-bind="numeric: filterSliderMin, value: filterMinText"]</msg>
<status status="PASS" starttime="20231221 20:07:42.802" endtime="20231221 20:07:42.802"/>
</kw>
<kw name="Set Variable" library="BuiltIn">
<var>${max_input_xpath}</var>
<arg>xpath://input[@data-bind="numeric: filterSliderMax, value: filterMaxText"]</arg>
<doc>Returns the given values which can then be assigned to a variables.</doc>
<msg timestamp="20231221 20:07:42.805" level="INFO">${max_input_xpath} = xpath://input[@data-bind="numeric: filterSliderMax, value: filterMaxText"]</msg>
<status status="PASS" starttime="20231221 20:07:42.805" endtime="20231221 20:07:42.806"/>
</kw>
<kw name="Input Text" library="SeleniumLibrary">
<arg>${min_input_xpath}</arg>
<arg>${min_value}</arg>
<doc>Types the given ``text`` into the text field identified by ``locator``.</doc>
<msg timestamp="20231221 20:07:42.808" level="INFO">Typing text '500' into text field 'xpath://input[@data-bind="numeric: filterSliderMin, value: filterMinText"]'.</msg>
<status status="PASS" starttime="20231221 20:07:42.807" endtime="20231221 20:07:43.402"/>
</kw>
<kw name="Input Text" library="SeleniumLibrary">
<arg>${max_input_xpath}</arg>
<arg>${max_value}</arg>
<doc>Types the given ``text`` into the text field identified by ``locator``.</doc>
<msg timestamp="20231221 20:07:43.403" level="INFO">Typing text '1000' into text field 'xpath://input[@data-bind="numeric: filterSliderMax, value: filterMaxText"]'.</msg>
<status status="PASS" starttime="20231221 20:07:43.402" endtime="20231221 20:07:43.521"/>
</kw>
<kw name="Press Keys" library="SeleniumLibrary">
<arg>${min_input_xpath}</arg>
<arg>ENTER</arg>
<doc>Simulates the user pressing key(s) to an element or on the active browser.</doc>
<msg timestamp="20231221 20:07:43.522" level="INFO">Sending key(s) ('ENTER',) to xpath://input[@data-bind="numeric: filterSliderMin, value: filterMinText"] element.</msg>
<msg timestamp="20231221 20:07:43.987" level="INFO">Pressing special key ENTER to element.</msg>
<msg timestamp="20231221 20:07:43.987" level="INFO">Releasing special key ENTER.</msg>
<status status="PASS" starttime="20231221 20:07:43.521" endtime="20231221 20:07:44.008"/>
</kw>
<kw name="Sleep" library="BuiltIn">
<arg>2s</arg>
<doc>Pauses the test executed for the given time.</doc>
<msg timestamp="20231221 20:07:46.009" level="INFO">Slept 2 seconds</msg>
<status status="PASS" starttime="20231221 20:07:44.009" endtime="20231221 20:07:46.009"/>
</kw>
<kw name="Verify Products In Price Range">
<arg>${min_value}</arg>
<arg>${max_value}</arg>
<kw name="Get WebElements" library="SeleniumLibrary">
<var>${product_prices}</var>
<arg>xpath://div[@class='product-price']</arg>
<doc>Returns a list of WebElement objects matching the ``locator``.</doc>
<msg timestamp="20231221 20:07:46.024" level="INFO">${product_prices} = []</msg>
<status status="PASS" starttime="20231221 20:07:46.011" endtime="20231221 20:07:46.025"/>
</kw>
<for flavor="IN">
<var>${price}</var>
<value>@{product_prices}</value>
<iter>
<var name="${price}"/>
<kw name="Get Text" library="SeleniumLibrary">
<var>${price_text}</var>
<arg>${price}</arg>
<doc>Returns the text value of the element identified by ``locator``.</doc>
<status status="NOT RUN" starttime="20231221 20:07:46.025" endtime="20231221 20:07:46.026"/>
</kw>
<kw name="Evaluate" library="BuiltIn">
<var>${price_numeric}</var>
<arg>${price_text.replace('€', '').replace(',', '')}</arg>
<doc>Evaluates the given expression in Python and returns the result.</doc>
<status status="NOT RUN" starttime="20231221 20:07:46.026" endtime="20231221 20:07:46.033"/>
</kw>
<kw name="Evaluate" library="BuiltIn">
<var>${price_within_range}</var>
<arg>${min_value} &lt;= ${price_numeric} &lt;= ${max_value}</arg>
<doc>Evaluates the given expression in Python and returns the result.</doc>
<status status="NOT RUN" starttime="20231221 20:07:46.034" endtime="20231221 20:07:46.034"/>
</kw>
<kw name="Should Be True" library="BuiltIn">
<arg>${price_within_range}</arg>
<arg>Product price ${price_text} is not within the selected range (${min_value}-${max_value})</arg>
<doc>Fails if the given condition is not true.</doc>
<status status="NOT RUN" starttime="20231221 20:07:46.034" endtime="20231221 20:07:46.034"/>
</kw>
<status status="NOT RUN" starttime="20231221 20:07:46.025" endtime="20231221 20:07:46.035"/>
</iter>
<status status="NOT RUN" starttime="20231221 20:07:46.025" endtime="20231221 20:07:46.035"/>
</for>
<status status="PASS" starttime="20231221 20:07:46.010" endtime="20231221 20:07:46.035"/>
</kw>
<doc>Verify price range filtering functionality using input fields.</doc>
<tag>Medium</tag>
<status status="PASS" starttime="20231221 20:07:42.722" endtime="20231221 20:07:46.035"/>
</test>
<test id="s1-t9" name="TC_UI_9 Verify Day/Night Mode Switching" line="304">
<kw name="Navigate To Main Page" type="SETUP">
<kw name="Go To" library="SeleniumLibrary">
<arg>https://jimms.fi</arg>
<doc>Navigates the current browser window to the provided ``url``.</doc>
<msg timestamp="20231221 20:07:46.039" level="INFO">Opening url 'https://jimms.fi'</msg>
<status status="PASS" starttime="20231221 20:07:46.039" endtime="20231221 20:07:46.611"/>
</kw>
<status status="PASS" starttime="20231221 20:07:46.039" endtime="20231221 20:07:46.612"/>
</kw>
<kw name="Get Body Background Color">
<var>${day_color}</var>
<doc>Get the background color of the body element.</doc>
<kw name="Execute Javascript" library="SeleniumLibrary">
<var>${background_color}</var>
<arg>return window.getComputedStyle(document.body, null).getPropertyValue('background-color')</arg>
<doc>Executes the given JavaScript code with possible arguments.</doc>
<msg timestamp="20231221 20:07:46.614" level="INFO">Executing JavaScript:
return window.getComputedStyle(document.body, null).getPropertyValue('background-color')
Without any arguments.</msg>
<msg timestamp="20231221 20:07:46.618" level="INFO">${background_color} = rgb(26, 30, 33)</msg>
<status status="PASS" starttime="20231221 20:07:46.612" endtime="20231221 20:07:46.619"/>
</kw>
<msg timestamp="20231221 20:07:46.619" level="INFO">${day_color} = rgb(26, 30, 33)</msg>
<status status="PASS" starttime="20231221 20:07:46.612" endtime="20231221 20:07:46.619"/>
</kw>
<kw name="Switch To Night Mode">
<doc>Switch to night mode.</doc>
<kw name="Click Element" library="SeleniumLibrary">
<arg>xpath:/html/body/div[1]/div/div/span</arg>
<doc>Click the element identified by ``locator``.</doc>
<msg timestamp="20231221 20:07:46.621" level="INFO">Clicking element 'xpath:/html/body/div[1]/div/div/span'.</msg>
<status status="PASS" starttime="20231221 20:07:46.620" endtime="20231221 20:07:46.691"/>
</kw>
<kw name="Click Element" library="SeleniumLibrary">
<arg>xpath:/html/body/div[1]/div/div/ul/li[2]/button</arg>
<doc>Click the element identified by ``locator``.</doc>
<msg timestamp="20231221 20:07:46.691" level="INFO">Clicking element 'xpath:/html/body/div[1]/div/div/ul/li[2]/button'.</msg>
<status status="PASS" starttime="20231221 20:07:46.691" endtime="20231221 20:07:46.742"/>
</kw>
<status status="PASS" starttime="20231221 20:07:46.620" endtime="20231221 20:07:46.742"/>
</kw>
<kw name="Verify Background Color Change">
<arg>rgb(26, 30, 33)</arg>
<kw name="Get Body Background Color">
<var>${current_color}</var>
<doc>Get the background color of the body element.</doc>
<kw name="Execute Javascript" library="SeleniumLibrary">
<var>${background_color}</var>
<arg>return window.getComputedStyle(document.body, null).getPropertyValue('background-color')</arg>
<doc>Executes the given JavaScript code with possible arguments.</doc>
<msg timestamp="20231221 20:07:46.744" level="INFO">Executing JavaScript:
return window.getComputedStyle(document.body, null).getPropertyValue('background-color')
Without any arguments.</msg>
<msg timestamp="20231221 20:07:46.750" level="INFO">${background_color} = rgb(26, 30, 33)</msg>
<status status="PASS" starttime="20231221 20:07:46.744" endtime="20231221 20:07:46.750"/>
</kw>
<msg timestamp="20231221 20:07:46.750" level="INFO">${current_color} = rgb(26, 30, 33)</msg>
<status status="PASS" starttime="20231221 20:07:46.744" endtime="20231221 20:07:46.751"/>
</kw>
<kw name="Should Be Equal As Strings" library="BuiltIn">
<arg>${current_color}</arg>
<arg>${expected_color}</arg>
<doc>Fails if objects are unequal after converting them to strings.</doc>
<status status="PASS" starttime="20231221 20:07:46.751" endtime="20231221 20:07:46.751"/>
</kw>
<status status="PASS" starttime="20231221 20:07:46.743" endtime="20231221 20:07:46.751"/>
</kw>
<kw name="Switch To Day Mode">
<doc>Switch to day mode.</doc>
<kw name="Click Element" library="SeleniumLibrary">
<arg>xpath:/html/body/div[1]/div/div/span</arg>
<doc>Click the element identified by ``locator``.</doc>
<msg timestamp="20231221 20:07:46.752" level="INFO">Clicking element 'xpath:/html/body/div[1]/div/div/span'.</msg>
<status status="PASS" starttime="20231221 20:07:46.752" endtime="20231221 20:07:46.806"/>
</kw>
<kw name="Click Element" library="SeleniumLibrary">
<arg>xpath:/html/body/div[1]/div/div/ul/li[1]/button</arg>
<doc>Click the element identified by ``locator``.</doc>
<msg timestamp="20231221 20:07:46.807" level="INFO">Clicking element 'xpath:/html/body/div[1]/div/div/ul/li[1]/button'.</msg>
<status status="PASS" starttime="20231221 20:07:46.807" endtime="20231221 20:07:46.982"/>
</kw>
<status status="PASS" starttime="20231221 20:07:46.752" endtime="20231221 20:07:46.984"/>
</kw>
<kw name="Verify Background Color Change">
<arg>rgb(245, 245, 245)</arg>
<kw name="Get Body Background Color">
<var>${current_color}</var>
<doc>Get the background color of the body element.</doc>
<kw name="Execute Javascript" library="SeleniumLibrary">
<var>${background_color}</var>
<arg>return window.getComputedStyle(document.body, null).getPropertyValue('background-color')</arg>
<doc>Executes the given JavaScript code with possible arguments.</doc>
<msg timestamp="20231221 20:07:46.986" level="INFO">Executing JavaScript:
return window.getComputedStyle(document.body, null).getPropertyValue('background-color')
Without any arguments.</msg>
<msg timestamp="20231221 20:07:47.002" level="INFO">${background_color} = rgb(245, 245, 245)</msg>
<status status="PASS" starttime="20231221 20:07:46.985" endtime="20231221 20:07:47.002"/>
</kw>
<msg timestamp="20231221 20:07:47.002" level="INFO">${current_color} = rgb(245, 245, 245)</msg>
<status status="PASS" starttime="20231221 20:07:46.984" endtime="20231221 20:07:47.002"/>
</kw>
<kw name="Should Be Equal As Strings" library="BuiltIn">
<arg>${current_color}</arg>
<arg>${expected_color}</arg>
<doc>Fails if objects are unequal after converting them to strings.</doc>
<status status="PASS" starttime="20231221 20:07:47.002" endtime="20231221 20:07:47.002"/>
</kw>
<status status="PASS" starttime="20231221 20:07:46.984" endtime="20231221 20:07:47.002"/>
</kw>
<kw name="Capture Page Screenshot" library="SeleniumLibrary">
<arg>before_switch.png</arg>
<doc>Takes a screenshot of the current page and embeds it into a log file.</doc>
<msg timestamp="20231221 20:07:47.444" level="INFO" html="true">&lt;/td&gt;&lt;/tr&gt;&lt;tr&gt;&lt;td colspan="3"&gt;&lt;a href="before_switch.png"&gt;&lt;img src="before_switch.png" width="800px"&gt;&lt;/a&gt;</msg>
<status status="PASS" starttime="20231221 20:07:47.004" endtime="20231221 20:07:47.444"/>
</kw>
<kw name="Sleep" library="BuiltIn">
<arg>2s</arg>
<doc>Pauses the test executed for the given time.</doc>
<msg timestamp="20231221 20:07:49.444" level="INFO">Slept 2 seconds</msg>
<status status="PASS" starttime="20231221 20:07:47.444" endtime="20231221 20:07:49.444"/>
</kw>
<kw name="Switch To Night Mode">
<doc>Switch to night mode.</doc>
<kw name="Click Element" library="SeleniumLibrary">
<arg>xpath:/html/body/div[1]/div/div/span</arg>
<doc>Click the element identified by ``locator``.</doc>
<msg timestamp="20231221 20:07:49.446" level="INFO">Clicking element 'xpath:/html/body/div[1]/div/div/span'.</msg>
<status status="PASS" starttime="20231221 20:07:49.446" endtime="20231221 20:07:49.547"/>
</kw>
<kw name="Click Element" library="SeleniumLibrary">
<arg>xpath:/html/body/div[1]/div/div/ul/li[2]/button</arg>
<doc>Click the element identified by ``locator``.</doc>
<msg timestamp="20231221 20:07:49.548" level="INFO">Clicking element 'xpath:/html/body/div[1]/div/div/ul/li[2]/button'.</msg>
<status status="PASS" starttime="20231221 20:07:49.548" endtime="20231221 20:07:49.707"/>
</kw>
<status status="PASS" starttime="20231221 20:07:49.445" endtime="20231221 20:07:49.707"/>
</kw>
<kw name="Capture Page Screenshot" library="SeleniumLibrary">
<arg>after_switch.png</arg>
<doc>Takes a screenshot of the current page and embeds it into a log file.</doc>
<msg timestamp="20231221 20:07:50.149" level="INFO" html="true">&lt;/td&gt;&lt;/tr&gt;&lt;tr&gt;&lt;td colspan="3"&gt;&lt;a href="after_switch.png"&gt;&lt;img src="after_switch.png" width="800px"&gt;&lt;/a&gt;</msg>
<status status="PASS" starttime="20231221 20:07:49.708" endtime="20231221 20:07:50.150"/>
</kw>
<kw name="Sleep" library="BuiltIn">
<arg>2s</arg>
<doc>Pauses the test executed for the given time.</doc>
<msg timestamp="20231221 20:07:52.152" level="INFO">Slept 2 seconds</msg>
<status status="PASS" starttime="20231221 20:07:50.150" endtime="20231221 20:07:52.152"/>
</kw>
<kw name="Verify Background Color Change">
<arg>rgb(26, 30, 33)</arg>
<kw name="Get Body Background Color">
<var>${current_color}</var>
<doc>Get the background color of the body element.</doc>
<kw name="Execute Javascript" library="SeleniumLibrary">
<var>${background_color}</var>
<arg>return window.getComputedStyle(document.body, null).getPropertyValue('background-color')</arg>
<doc>Executes the given JavaScript code with possible arguments.</doc>
<msg timestamp="20231221 20:07:52.153" level="INFO">Executing JavaScript:
return window.getComputedStyle(document.body, null).getPropertyValue('background-color')
Without any arguments.</msg>
<msg timestamp="20231221 20:07:52.159" level="INFO">${background_color} = rgb(26, 30, 33)</msg>
<status status="PASS" starttime="20231221 20:07:52.152" endtime="20231221 20:07:52.159"/>
</kw>
<msg timestamp="20231221 20:07:52.159" level="INFO">${current_color} = rgb(26, 30, 33)</msg>
<status status="PASS" starttime="20231221 20:07:52.152" endtime="20231221 20:07:52.159"/>
</kw>
<kw name="Should Be Equal As Strings" library="BuiltIn">
<arg>${current_color}</arg>
<arg>${expected_color}</arg>
<doc>Fails if objects are unequal after converting them to strings.</doc>
<status status="PASS" starttime="20231221 20:07:52.159" endtime="20231221 20:07:52.160"/>
</kw>
<status status="PASS" starttime="20231221 20:07:52.152" endtime="20231221 20:07:52.160"/>
</kw>
<doc>Verify day/night mode switching functionality.</doc>
<tag>Medium</tag>
<status status="PASS" starttime="20231221 20:07:46.038" endtime="20231221 20:07:52.161"/>
</test>
<test id="s1-t10" name="TC_UI_10 Verify Footer Links" line="337">
<kw name="Navigate To Main Page" type="SETUP">
<kw name="Go To" library="SeleniumLibrary">
<arg>https://jimms.fi</arg>
<doc>Navigates the current browser window to the provided ``url``.</doc>
<msg timestamp="20231221 20:07:52.164" level="INFO">Opening url 'https://jimms.fi'</msg>
<status status="PASS" starttime="20231221 20:07:52.164" endtime="20231221 20:07:52.586"/>
</kw>
<status status="PASS" starttime="20231221 20:07:52.164" endtime="20231221 20:07:52.586"/>
</kw>
<kw name="Check Footer Links">
<tag>Medium</tag>
<doc>Check the status of footer links</doc>
<kw name="Get WebElements" library="SeleniumLibrary">
<var>@{footer_links}</var>
<arg>xpath://div[@class="col-lxs-6 col-lg-3 mb-4 mb-lg-0"]//a[@class="nav-link footer-link"]</arg>
<doc>Returns a list of WebElement objects matching the ``locator``.</doc>
<msg timestamp="20231221 20:07:52.599" level="INFO">@{footer_links} = [ &lt;selenium.webdriver.remote.webelement.WebElement (session="9b2d0f0549c0f1cf0b54454682121a8b", element="506C29BCC4AC2D9720EFAEC5CF3089E5_element_3231")&gt; | &lt;selenium.webdriver.remote.webelement.WebEle...</msg>
<status status="PASS" starttime="20231221 20:07:52.587" endtime="20231221 20:07:52.600"/>
</kw>
<for flavor="IN">
<var>${link}</var>
<value>@{footer_links}</value>
<iter>
<var name="${link}">&lt;selenium.webdriver.remote.webelement.WebElement (session="9b2d0f0549c0f1cf0b54454682121a8b", element="506C29BCC4AC2D9720EFAEC5CF3089E5_element_3231")&gt;</var>
<kw name="Get Text" library="SeleniumLibrary">
<var>${link_text}</var>
<arg>${link}</arg>
<doc>Returns the text value of the element identified by ``locator``.</doc>
<msg timestamp="20231221 20:07:52.614" level="INFO">${link_text} = Yhteystiedot</msg>
<status status="PASS" starttime="20231221 20:07:52.600" endtime="20231221 20:07:52.614"/>
</kw>
<kw name="Get Element Attribute" library="SeleniumLibrary">
<var>${link_url}</var>
<arg>${link}</arg>
<arg>href</arg>
<doc>Returns the value of ``attribute`` from the element ``locator``.</doc>
<msg timestamp="20231221 20:07:52.627" level="INFO">${link_url} = https://www.jimms.fi/fi/Info/Contact</msg>
<status status="PASS" starttime="20231221 20:07:52.615" endtime="20231221 20:07:52.627"/>
</kw>
<kw name="Go To" library="SeleniumLibrary">
<arg>${link_url}</arg>
<doc>Navigates the current browser window to the provided ``url``.</doc>
<msg timestamp="20231221 20:07:52.627" level="INFO">Opening url 'https://www.jimms.fi/fi/Info/Contact'</msg>
<status status="PASS" starttime="20231221 20:07:52.627" endtime="20231221 20:07:52.902"/>
</kw>
<kw name="Run Keyword And Return Status" library="BuiltIn">
<var>${status}</var>
<arg>Page Should Contain</arg>
<arg>404 Not Found</arg>
<doc>Runs the given keyword with given arguments and returns the status as a Boolean value.</doc>
<kw name="Page Should Contain" library="SeleniumLibrary">
<arg>404 Not Found</arg>
<doc>Verifies that current page contains ``text``.</doc>
<msg timestamp="20231221 20:07:53.128" level="INFO" html="true">&lt;/td&gt;&lt;/tr&gt;&lt;tr&gt;&lt;td colspan="3"&gt;&lt;a href="selenium-screenshot-10.png"&gt;&lt;img src="selenium-screenshot-10.png" width="800px"&gt;&lt;/a&gt;</msg>
<msg timestamp="20231221 20:07:53.128" level="FAIL">Page should have contained text '404 Not Found' but did not.</msg>
<status status="FAIL" starttime="20231221 20:07:52.903" endtime="20231221 20:07:53.128"/>
</kw>
<msg timestamp="20231221 20:07:53.129" level="INFO">${status} = False</msg>
<status status="PASS" starttime="20231221 20:07:52.902" endtime="20231221 20:07:53.129"/>
</kw>
<kw name="Log" library="BuiltIn">
<arg>Link '${link_text}' - Response Status Code: ${status}</arg>
<doc>Logs the given message with the given level.</doc>
<msg timestamp="20231221 20:07:53.130" level="INFO">Link 'Yhteystiedot' - Response Status Code: False</msg>
<status status="PASS" starttime="20231221 20:07:53.129" endtime="20231221 20:07:53.130"/>
</kw>
<kw name="Run Keyword If" library="BuiltIn">
<arg>${status}</arg>
<arg>Log</arg>
<arg>Link '${link_text}' is Broken: ${link_url}</arg>
<arg>ELSE</arg>
<arg>Log</arg>
<arg>Link '${link_text}' is Valid: ${link_url}</arg>
<doc>Runs the given keyword with the given arguments, if ``condition`` is true.</doc>
<kw name="Log" library="BuiltIn">
<arg>Link '${link_text}' is Valid: ${link_url}</arg>
<doc>Logs the given message with the given level.</doc>
<msg timestamp="20231221 20:07:53.131" level="INFO">Link 'Yhteystiedot' is Valid: https://www.jimms.fi/fi/Info/Contact</msg>
<status status="PASS" starttime="20231221 20:07:53.131" endtime="20231221 20:07:53.132"/>
</kw>
<status status="PASS" starttime="20231221 20:07:53.130" endtime="20231221 20:07:53.132"/>
</kw>
<kw name="Go Back" library="SeleniumLibrary">
[...]
</kw>
<kw name="Go Back" library="SeleniumLibrary">
<doc>Simulates the user clicking the back button on their browser.</doc>
<status status="PASS" starttime="20231221 20:07:54.639" endtime="20231221 20:07:54.668"/>
</kw>
<status status="PASS" starttime="20231221 20:07:54.051" endtime="20231221 20:07:54.669"/>
</iter>
<iter>
<var name="${link}">&lt;selenium.webdriver.remote.webelement.WebElement (session="9b2d0f0549c0f1cf0b54454682121a8b", element="506C29BCC4AC2D9720EFAEC5CF3089E5_element_3234")&gt;</var>
<kw name="Get Text" library="SeleniumLibrary">
<var>${link_text}</var>
<arg>${link}</arg>
<doc>Returns the text value of the element identified by ``locator``.</doc>
<msg timestamp="20231221 20:07:54.726" level="INFO">${link_text} = Usein kysytyt kysymykset</msg>
<status status="PASS" starttime="20231221 20:07:54.669" endtime="20231221 20:07:54.726"/>
</kw>
<kw name="Get Element Attribute" library="SeleniumLibrary">
<var>${link_url}</var>
<arg>${link}</arg>
<arg>href</arg>
<doc>Returns the value of ``attribute`` from the element ``locator``.</doc>
<msg timestamp="20231221 20:07:54.735" level="INFO">${link_url} = https://www.jimms.fi/fi/Info/Faq</msg>
<status status="PASS" starttime="20231221 20:07:54.726" endtime="20231221 20:07:54.735"/>
</kw>
<kw name="Go To" library="SeleniumLibrary">
<arg>${link_url}</arg>
<doc>Navigates the current browser window to the provided ``url``.</doc>
<msg timestamp="20231221 20:07:54.736" level="INFO">Opening url 'https://www.jimms.fi/fi/Info/Faq'</msg>
<status status="PASS" starttime="20231221 20:07:54.735" endtime="20231221 20:07:55.058"/>
</kw>
<kw name="Run Keyword And Return Status" library="BuiltIn">
<var>${status}</var>
<arg>Page Should Contain</arg>
<arg>404 Not Found</arg>
<doc>Runs the given keyword with given arguments and returns the status as a Boolean value.</doc>
<kw name="Page Should Contain" library="SeleniumLibrary">
<arg>404 Not Found</arg>
<doc>Verifies that current page contains ``text``.</doc>
<msg timestamp="20231221 20:07:55.297" level="INFO" html="true">&lt;/td&gt;&lt;/tr&gt;&lt;tr&gt;&lt;td colspan="3"&gt;&lt;a href="selenium-screenshot-13.png"&gt;&lt;img src="selenium-screenshot-13.png" width="800px"&gt;&lt;/a&gt;</msg>
<msg timestamp="20231221 20:07:55.298" level="FAIL">Page should have contained text '404 Not Found' but did not.</msg>
<status status="FAIL" starttime="20231221 20:07:55.059" endtime="20231221 20:07:55.298"/>
</kw>
<msg timestamp="20231221 20:07:55.299" level="INFO">${status} = False</msg>
<status status="PASS" starttime="20231221 20:07:55.059" endtime="20231221 20:07:55.299"/>
</kw>
<kw name="Log" library="BuiltIn">
<arg>Link '${link_text}' - Response Status Code: ${status}</arg>
<doc>Logs the given message with the given level.</doc>
<msg timestamp="20231221 20:07:55.300" level="INFO">Link 'Usein kysytyt kysymykset' - Response Status Code: False</msg>
<status status="PASS" starttime="20231221 20:07:55.299" endtime="20231221 20:07:55.300"/>
</kw>
<kw name="Run Keyword If" library="BuiltIn">
<arg>${status}</arg>
<arg>Log</arg>
<arg>Link '${link_text}' is Broken: ${link_url}</arg>
<arg>ELSE</arg>
<arg>Log</arg>
<arg>Link '${link_text}' is Valid: ${link_url}</arg>
<doc>Runs the given keyword with the given arguments, if ``condition`` is true.</doc>
<kw name="Log" library="BuiltIn">
<arg>Link '${link_text}' is Valid: ${link_url}</arg>
<doc>Logs the given message with the given level.</doc>
<msg timestamp="20231221 20:07:55.301" level="INFO">Link 'Usein kysytyt kysymykset' is Valid: https://www.jimms.fi/fi/Info/Faq</msg>
<status status="PASS" starttime="20231221 20:07:55.300" endtime="20231221 20:07:55.301"/>
</kw>
<status status="PASS" starttime="20231221 20:07:55.300" endtime="20231221 20:07:55.301"/>
</kw>
<kw name="Go Back" library="SeleniumLibrary">
<doc>Simulates the user clicking the back button on their browser.</doc>
<status status="PASS" starttime="20231221 20:07:55.301" endtime="20231221 20:07:55.330"/>
</kw>
<status status="PASS" starttime="20231221 20:07:54.669" endtime="20231221 20:07:55.330"/>
</iter>
<iter>
<var name="${link}">&lt;selenium.webdriver.remote.webelement.WebElement (session="9b2d0f0549c0f1cf0b54454682121a8b", element="506C29BCC4AC2D9720EFAEC5CF3089E5_element_3235")&gt;</var>
<kw name="Get Text" library="SeleniumLibrary">
<var>${link_text}</var>
<arg>${link}</arg>
<doc>Returns the text value of the element identified by ``locator``.</doc>
<msg timestamp="20231221 20:07:55.384" level="INFO">${link_text} = Palvelut ja huolto</msg>
<status status="PASS" starttime="20231221 20:07:55.330" endtime="20231221 20:07:55.384"/>
</kw>
<kw name="Get Element Attribute" library="SeleniumLibrary">
<var>${link_url}</var>
<arg>${link}</arg>
<arg>href</arg>
<doc>Returns the value of ``attribute`` from the element ``locator``.</doc>
<msg timestamp="20231221 20:07:55.393" level="INFO">${link_url} = https://www.jimms.fi/fi/Info/Services</msg>
<status status="PASS" starttime="20231221 20:07:55.384" endtime="20231221 20:07:55.393"/>
</kw>
<kw name="Go To" library="SeleniumLibrary">
<arg>${link_url}</arg>
<doc>Navigates the current browser window to the provided ``url``.</doc>
<msg timestamp="20231221 20:07:55.394" level="INFO">Opening url 'https://www.jimms.fi/fi/Info/Services'</msg>
<status status="PASS" starttime="20231221 20:07:55.394" endtime="20231221 20:07:55.680"/>
</kw>
<kw name="Run Keyword And Return Status" library="BuiltIn">
<var>${status}</var>
<arg>Page Should Contain</arg>
<arg>404 Not Found</arg>
<doc>Runs the given keyword with given arguments and returns the status as a Boolean value.</doc>
<kw name="Page Should Contain" library="SeleniumLibrary">
<arg>404 Not Found</arg>
<doc>Verifies that current page contains ``text``.</doc>
<msg timestamp="20231221 20:07:55.911" level="INFO" html="true">&lt;/td&gt;&lt;/tr&gt;&lt;tr&gt;&lt;td colspan="3"&gt;&lt;a href="selenium-screenshot-14.png"&gt;&lt;img src="selenium-screenshot-14.png" width="800px"&gt;&lt;/a&gt;</msg>
<msg timestamp="20231221 20:07:55.911" level="FAIL">Page should have contained text '404 Not Found' but did not.</msg>
<status status="FAIL" starttime="20231221 20:07:55.681" endtime="20231221 20:07:55.912"/>
</kw>
<msg timestamp="20231221 20:07:55.912" level="INFO">${status} = False</msg>
<status status="PASS" starttime="20231221 20:07:55.680" endtime="20231221 20:07:55.912"/>
</kw>
<kw name="Log" library="BuiltIn">
<arg>Link '${link_text}' - Response Status Code: ${status}</arg>
<doc>Logs the given message with the given level.</doc>
<msg timestamp="20231221 20:07:55.914" level="INFO">Link 'Palvelut ja huolto' - Response Status Code: False</msg>
<status status="PASS" starttime="20231221 20:07:55.912" endtime="20231221 20:07:55.914"/>
</kw>
<kw name="Run Keyword If" library="BuiltIn">
<arg>${status}</arg>
<arg>Log</arg>
<arg>Link '${link_text}' is Broken: ${link_url}</arg>
<arg>ELSE</arg>
<arg>Log</arg>
<arg>Link '${link_text}' is Valid: ${link_url}</arg>
<doc>Runs the given keyword with the given arguments, if ``condition`` is true.</doc>
<kw name="Log" library="BuiltIn">
<arg>Link '${link_text}' is Valid: ${link_url}</arg>
<doc>Logs the given message with the given level.</doc>
<msg timestamp="20231221 20:07:55.915" level="INFO">Link 'Palvelut ja huolto' is Valid: https://www.jimms.fi/fi/Info/Services</msg>
<status status="PASS" starttime="20231221 20:07:55.915" endtime="20231221 20:07:55.915"/>
</kw>
<status status="PASS" starttime="20231221 20:07:55.914" endtime="20231221 20:07:55.915"/>
</kw>
<kw name="Go Back" library="SeleniumLibrary">
<doc>Simulates the user clicking the back button on their browser.</doc>
<status status="PASS" starttime="20231221 20:07:55.916" endtime="20231221 20:07:55.941"/>
</kw>
<status status="PASS" starttime="20231221 20:07:55.330" endtime="20231221 20:07:55.941"/>
</iter>
<iter>
<var name="${link}">&lt;selenium.webdriver.remote.webelement.WebElement (session="9b2d0f0549c0f1cf0b54454682121a8b", element="506C29BCC4AC2D9720EFAEC5CF3089E5_element_3236")&gt;</var>
<kw name="Get Text" library="SeleniumLibrary">
<var>${link_text}</var>
<arg>${link}</arg>
<doc>Returns the text value of the element identified by ``locator``.</doc>
<msg timestamp="20231221 20:07:55.992" level="INFO">${link_text} = Yritysmyynti</msg>
<status status="PASS" starttime="20231221 20:07:55.941" endtime="20231221 20:07:55.992"/>
</kw>
<kw name="Get Element Attribute" library="SeleniumLibrary">
<var>${link_url}</var>
<arg>${link}</arg>
<arg>href</arg>
<doc>Returns the value of ``attribute`` from the element ``locator``.</doc>
<msg timestamp="20231221 20:07:56.002" level="INFO">${link_url} = https://www.jimms.fi/fi/Info/B2B</msg>
<status status="PASS" starttime="20231221 20:07:55.992" endtime="20231221 20:07:56.002"/>
</kw>
<kw name="Go To" library="SeleniumLibrary">
<arg>${link_url}</arg>
<doc>Navigates the current browser window to the provided ``url``.</doc>
<msg timestamp="20231221 20:07:56.003" level="INFO">Opening url 'https://www.jimms.fi/fi/Info/B2B'</msg>
<status status="PASS" starttime="20231221 20:07:56.002" endtime="20231221 20:07:56.307"/>
</kw>
<kw name="Run Keyword And Return Status" library="BuiltIn">
<var>${status}</var>
<arg>Page Should Contain</arg>
<arg>404 Not Found</arg>
<doc>Runs the given keyword with given arguments and returns the status as a Boolean value.</doc>
<kw name="Page Should Contain" library="SeleniumLibrary">
<arg>404 Not Found</arg>
<doc>Verifies that current page contains ``text``.</doc>
<msg timestamp="20231221 20:07:56.549" level="INFO" html="true">&lt;/td&gt;&lt;/tr&gt;&lt;tr&gt;&lt;td colspan="3"&gt;&lt;a href="selenium-screenshot-15.png"&gt;&lt;img src="selenium-screenshot-15.png" width="800px"&gt;&lt;/a&gt;</msg>
<msg timestamp="20231221 20:07:56.550" level="FAIL">Page should have contained text '404 Not Found' but did not.</msg>
<status status="FAIL" starttime="20231221 20:07:56.307" endtime="20231221 20:07:56.550"/>
</kw>
<msg timestamp="20231221 20:07:56.551" level="INFO">${status} = False</msg>
<status status="PASS" starttime="20231221 20:07:56.307" endtime="20231221 20:07:56.551"/>
</kw>
<kw name="Log" library="BuiltIn">
<arg>Link '${link_text}' - Response Status Code: ${status}</arg>
<doc>Logs the given message with the given level.</doc>
<msg timestamp="20231221 20:07:56.552" level="INFO">Link 'Yritysmyynti' - Response Status Code: False</msg>
<status status="PASS" starttime="20231221 20:07:56.551" endtime="20231221 20:07:56.552"/>
</kw>
<kw name="Run Keyword If" library="BuiltIn">
<arg>${status}</arg>
<arg>Log</arg>
<arg>Link '${link_text}' is Broken: ${link_url}</arg>
<arg>ELSE</arg>
<arg>Log</arg>
<arg>Link '${link_text}' is Valid: ${link_url}</arg>
<doc>Runs the given keyword with the given arguments, if ``condition`` is true.</doc>
<kw name="Log" library="BuiltIn">
<arg>Link '${link_text}' is Valid: ${link_url}</arg>
<doc>Logs the given message with the given level.</doc>
<msg timestamp="20231221 20:07:56.554" level="INFO">Link 'Yritysmyynti' is Valid: https://www.jimms.fi/fi/Info/B2B</msg>
<status status="PASS" starttime="20231221 20:07:56.553" endtime="20231221 20:07:56.554"/>
</kw>
<status status="PASS" starttime="20231221 20:07:56.552" endtime="20231221 20:07:56.554"/>
</kw>
<kw name="Go Back" library="SeleniumLibrary">
<doc>Simulates the user clicking the back button on their browser.</doc>
<status status="PASS" starttime="20231221 20:07:56.554" endtime="20231221 20:07:56.575"/>
</kw>
<status status="PASS" starttime="20231221 20:07:55.941" endtime="20231221 20:07:56.575"/>
</iter>
<iter>
<var name="${link}">&lt;selenium.webdriver.remote.webelement.WebElement (session="9b2d0f0549c0f1cf0b54454682121a8b", element="506C29BCC4AC2D9720EFAEC5CF3089E5_element_3237")&gt;</var>
<kw name="Get Text" library="SeleniumLibrary">
<var>${link_text}</var>
<arg>${link}</arg>
<doc>Returns the text value of the element identified by ``locator``.</doc>
<msg timestamp="20231221 20:07:56.634" level="INFO">${link_text} = Tietosuojaseloste</msg>
<status status="PASS" starttime="20231221 20:07:56.576" endtime="20231221 20:07:56.634"/>
</kw>
<kw name="Get Element Attribute" library="SeleniumLibrary">
<var>${link_url}</var>
<arg>${link}</arg>
<arg>href</arg>
<doc>Returns the value of ``attribute`` from the element ``locator``.</doc>
<msg timestamp="20231221 20:07:56.641" level="INFO">${link_url} = https://www.jimms.fi/fi/Info/PrivacyTerms</msg>
<status status="PASS" starttime="20231221 20:07:56.634" endtime="20231221 20:07:56.641"/>
</kw>
<kw name="Go To" library="SeleniumLibrary">
<arg>${link_url}</arg>
<doc>Navigates the current browser window to the provided ``url``.</doc>
<msg timestamp="20231221 20:07:56.642" level="INFO">Opening url 'https://www.jimms.fi/fi/Info/PrivacyTerms'</msg>
<status status="PASS" starttime="20231221 20:07:56.642" endtime="20231221 20:07:56.938"/>
</kw>
<kw name="Run Keyword And Return Status" library="BuiltIn">
<var>${status}</var>
<arg>Page Should Contain</arg>
<arg>404 Not Found</arg>
<doc>Runs the given keyword with given arguments and returns the status as a Boolean value.</doc>
<kw name="Page Should Contain" library="SeleniumLibrary">
<arg>404 Not Found</arg>
<doc>Verifies that current page contains ``text``.</doc>
<msg timestamp="20231221 20:07:57.183" level="INFO" html="true">&lt;/td&gt;&lt;/tr&gt;&lt;tr&gt;&lt;td colspan="3"&gt;&lt;a href="selenium-screenshot-16.png"&gt;&lt;img src="selenium-screenshot-16.png" width="800px"&gt;&lt;/a&gt;</msg>
<msg timestamp="20231221 20:07:57.183" level="FAIL">Page should have contained text '404 Not Found' but did not.</msg>
<status status="FAIL" starttime="20231221 20:07:56.938" endtime="20231221 20:07:57.184"/>
</kw>
<msg timestamp="20231221 20:07:57.184" level="INFO">${status} = False</msg>
<status status="PASS" starttime="20231221 20:07:56.938" endtime="20231221 20:07:57.184"/>
</kw>
<kw name="Log" library="BuiltIn">
<arg>Link '${link_text}' - Response Status Code: ${status}</arg>
<doc>Logs the given message with the given level.</doc>
<msg timestamp="20231221 20:07:57.186" level="INFO">Link 'Tietosuojaseloste' - Response Status Code: False</msg>
<status status="PASS" starttime="20231221 20:07:57.184" endtime="20231221 20:07:57.186"/>
</kw>
<kw name="Run Keyword If" library="BuiltIn">
<arg>${status}</arg>
<arg>Log</arg>
<arg>Link '${link_text}' is Broken: ${link_url}</arg>
<arg>ELSE</arg>
<arg>Log</arg>
<arg>Link '${link_text}' is Valid: ${link_url}</arg>
<doc>Runs the given keyword with the given arguments, if ``condition`` is true.</doc>
<kw name="Log" library="BuiltIn">
<arg>Link '${link_text}' is Valid: ${link_url}</arg>
<doc>Logs the given message with the given level.</doc>
<msg timestamp="20231221 20:07:57.188" level="INFO">Link 'Tietosuojaseloste' is Valid: https://www.jimms.fi/fi/Info/PrivacyTerms</msg>
<status status="PASS" starttime="20231221 20:07:57.187" endtime="20231221 20:07:57.188"/>
</kw>
<status status="PASS" starttime="20231221 20:07:57.186" endtime="20231221 20:07:57.188"/>
</kw>
<kw name="Go Back" library="SeleniumLibrary">
<doc>Simulates the user clicking the back button on their browser.</doc>
<status status="PASS" starttime="20231221 20:07:57.188" endtime="20231221 20:07:57.215"/>
</kw>
<status status="PASS" starttime="20231221 20:07:56.576" endtime="20231221 20:07:57.215"/>
</iter>
<iter>
<var name="${link}">&lt;selenium.webdriver.remote.webelement.WebElement (session="9b2d0f0549c0f1cf0b54454682121a8b", element="506C29BCC4AC2D9720EFAEC5CF3089E5_element_3238")&gt;</var>
<kw name="Get Text" library="SeleniumLibrary">
<var>${link_text}</var>
<arg>${link}</arg>
<doc>Returns the text value of the element identified by ``locator``.</doc>
<msg timestamp="20231221 20:07:57.266" level="INFO">${link_text} = Jimm's Tuoteturva</msg>
<status status="PASS" starttime="20231221 20:07:57.215" endtime="20231221 20:07:57.266"/>
</kw>
<kw name="Get Element Attribute" library="SeleniumLibrary">
<var>${link_url}</var>
<arg>${link}</arg>
<arg>href</arg>
<doc>Returns the value of ``attribute`` from the element ``locator``.</doc>
<msg timestamp="20231221 20:07:57.275" level="INFO">${link_url} = https://www.jimms.fi/fi/Info/Tuoteturva</msg>
<status status="PASS" starttime="20231221 20:07:57.266" endtime="20231221 20:07:57.275"/>
</kw>
<kw name="Go To" library="SeleniumLibrary">
<arg>${link_url}</arg>
<doc>Navigates the current browser window to the provided ``url``.</doc>
<msg timestamp="20231221 20:07:57.275" level="INFO">Opening url 'https://www.jimms.fi/fi/Info/Tuoteturva'</msg>
<status status="PASS" starttime="20231221 20:07:57.275" endtime="20231221 20:07:57.593"/>
</kw>
<kw name="Run Keyword And Return Status" library="BuiltIn">
<var>${status}</var>
<arg>Page Should Contain</arg>
<arg>404 Not Found</arg>
<doc>Runs the given keyword with given arguments and returns the status as a Boolean value.</doc>
<kw name="Page Should Contain" library="SeleniumLibrary">
<arg>404 Not Found</arg>
<doc>Verifies that current page contains ``text``.</doc>
<msg timestamp="20231221 20:07:57.809" level="INFO" html="true">&lt;/td&gt;&lt;/tr&gt;&lt;tr&gt;&lt;td colspan="3"&gt;&lt;a href="selenium-screenshot-17.png"&gt;&lt;img src="selenium-screenshot-17.png" width="800px"&gt;&lt;/a&gt;</msg>
<msg timestamp="20231221 20:07:57.809" level="FAIL">Page should have contained text '404 Not Found' but did not.</msg>
<status status="FAIL" starttime="20231221 20:07:57.594" endtime="20231221 20:07:57.810"/>
</kw>
<msg timestamp="20231221 20:07:57.810" level="INFO">${status} = False</msg>
<status status="PASS" starttime="20231221 20:07:57.593" endtime="20231221 20:07:57.810"/>
</kw>
<kw name="Log" library="BuiltIn">
<arg>Link '${link_text}' - Response Status Code: ${status}</arg>
<doc>Logs the given message with the given level.</doc>
<msg timestamp="20231221 20:07:57.811" level="INFO">Link 'Jimm's Tuoteturva' - Response Status Code: False</msg>
<status status="PASS" starttime="20231221 20:07:57.810" endtime="20231221 20:07:57.811"/>
</kw>
<kw name="Run Keyword If" library="BuiltIn">
<arg>${status}</arg>
<arg>Log</arg>
<arg>Link '${link_text}' is Broken: ${link_url}</arg>
<arg>ELSE</arg>
<arg>Log</arg>
<arg>Link '${link_text}' is Valid: ${link_url}</arg>
<doc>Runs the given keyword with the given arguments, if ``condition`` is true.</doc>
<kw name="Log" library="BuiltIn">
<arg>Link '${link_text}' is Valid: ${link_url}</arg>
<doc>Logs the given message with the given level.</doc>
<msg timestamp="20231221 20:07:57.815" level="INFO">Link 'Jimm's Tuoteturva' is Valid: https://www.jimms.fi/fi/Info/Tuoteturva</msg>
<status status="PASS" starttime="20231221 20:07:57.812" endtime="20231221 20:07:57.816"/>
</kw>
<status status="PASS" starttime="20231221 20:07:57.812" endtime="20231221 20:07:57.816"/>
</kw>
<kw name="Go Back" library="SeleniumLibrary">
<doc>Simulates the user clicking the back button on their browser.</doc>
<status status="PASS" starttime="20231221 20:07:57.816" endtime="20231221 20:07:57.839"/>
</kw>
<status status="PASS" starttime="20231221 20:07:57.215" endtime="20231221 20:07:57.840"/>
</iter>
<status status="PASS" starttime="20231221 20:07:52.600" endtime="20231221 20:07:57.840"/>
</for>
<timeout value="5 minutes"/>
<status status="PASS" starttime="20231221 20:07:52.587" endtime="20231221 20:07:57.840"/>
</kw>
<doc>Verify that all footer links are working correctly.</doc>
<tag>Medium</tag>
<status status="PASS" starttime="20231221 20:07:52.163" endtime="20231221 20:07:57.840"/>
</test>
<kw name="Close Browser" library="SeleniumLibrary" type="TEARDOWN">
<doc>Closes the current browser.</doc>
<status status="PASS" starttime="20231221 20:07:57.842" endtime="20231221 20:08:00.081"/>
</kw>
<status status="FAIL" starttime="20231221 20:06:43.355" endtime="20231221 20:08:00.081"/>
</suite>
<statistics>
<total>
<stat pass="9" fail="1" skip="0">All Tests</stat>
</total>
<tag>
<stat pass="9" fail="1" skip="0">Medium</stat>
</tag>
<suite>
<stat pass="9" fail="1" skip="0" id="s1" name="Testingjimmy">Testingjimmy</stat>
</suite>
</statistics>
<errors>
</errors>
</robot>
